{"numTotalTestSuites":6,"numPassedTestSuites":6,"numFailedTestSuites":0,"numPendingTestSuites":0,"numTotalTests":40,"numPassedTests":40,"numFailedTests":0,"numPendingTests":0,"numTodoTests":0,"snapshot":{"added":0,"failure":false,"filesAdded":0,"filesRemoved":0,"filesRemovedList":[],"filesUnmatched":0,"filesUpdated":0,"matched":0,"total":0,"unchecked":0,"uncheckedKeysByFile":[],"unmatched":0,"updated":0,"didUpdate":false},"startTime":1751042049439,"success":true,"testResults":[{"assertionResults":[{"ancestorTitles":["getSiteConfig","basic functionality"],"fullName":"getSiteConfig basic functionality should return correct config for portal in local environment","status":"passed","title":"should return correct config for portal in local environment","duration":0.8474160000000666,"failureMessages":[],"meta":{}},{"ancestorTitles":["getSiteConfig","basic functionality"],"fullName":"getSiteConfig basic functionality should return correct config for LRM in production environment","status":"passed","title":"should return correct config for LRM in production environment","duration":0.10066700000004403,"failureMessages":[],"meta":{}},{"ancestorTitles":["getSiteConfig","basic functionality"],"fullName":"getSiteConfig basic functionality should return correct config for ISBDM in preview environment","status":"passed","title":"should return correct config for ISBDM in preview environment","duration":0.07141599999999926,"failureMessages":[],"meta":{}},{"ancestorTitles":["getSiteConfig","all sites in all environments"],"fullName":"getSiteConfig all sites in all environments should return valid config for portal in local environment","status":"passed","title":"should return valid config for portal in local environment","duration":0.24945800000000418,"failureMessages":[],"meta":{}},{"ancestorTitles":["getSiteConfig","all sites in all environments"],"fullName":"getSiteConfig all sites in all environments should return valid config for portal in preview environment","status":"passed","title":"should return valid config for portal in preview environment","duration":0.14204099999994924,"failureMessages":[],"meta":{}},{"ancestorTitles":["getSiteConfig","all sites in all environments"],"fullName":"getSiteConfig all sites in all environments should return valid config for portal in development environment","status":"passed","title":"should return valid config for portal in development environment","duration":0.09333300000002964,"failureMessages":[],"meta":{}},{"ancestorTitles":["getSiteConfig","all sites in all environments"],"fullName":"getSiteConfig all sites in all environments should return valid config for portal in production environment","status":"passed","title":"should return valid config for portal in production environment","duration":0.07562499999994543,"failureMessages":[],"meta":{}},{"ancestorTitles":["getSiteConfig","all sites in all environments"],"fullName":"getSiteConfig all sites in all environments should return valid config for ISBDM in local environment","status":"passed","title":"should return valid config for ISBDM in local environment","duration":0.10545799999999872,"failureMessages":[],"meta":{}},{"ancestorTitles":["getSiteConfig","all sites in all environments"],"fullName":"getSiteConfig all sites in all environments should return valid config for ISBDM in preview environment","status":"passed","title":"should return valid config for ISBDM in preview environment","duration":0.232291000000032,"failureMessages":[],"meta":{}},{"ancestorTitles":["getSiteConfig","all sites in all environments"],"fullName":"getSiteConfig all sites in all environments should return valid config for ISBDM in development environment","status":"passed","title":"should return valid config for ISBDM in development environment","duration":0.09862500000008367,"failureMessages":[],"meta":{}},{"ancestorTitles":["getSiteConfig","all sites in all environments"],"fullName":"getSiteConfig all sites in all environments should return valid config for ISBDM in production environment","status":"passed","title":"should return valid config for ISBDM in production environment","duration":0.07725000000004911,"failureMessages":[],"meta":{}},{"ancestorTitles":["getSiteConfig","all sites in all environments"],"fullName":"getSiteConfig all sites in all environments should return valid config for LRM in local environment","status":"passed","title":"should return valid config for LRM in local environment","duration":0.1013749999999618,"failureMessages":[],"meta":{}},{"ancestorTitles":["getSiteConfig","all sites in all environments"],"fullName":"getSiteConfig all sites in all environments should return valid config for LRM in preview environment","status":"passed","title":"should return valid config for LRM in preview environment","duration":0.07233399999995527,"failureMessages":[],"meta":{}},{"ancestorTitles":["getSiteConfig","all sites in all environments"],"fullName":"getSiteConfig all sites in all environments should return valid config for LRM in development environment","status":"passed","title":"should return valid config for LRM in development environment","duration":0.06966600000009748,"failureMessages":[],"meta":{}},{"ancestorTitles":["getSiteConfig","all sites in all environments"],"fullName":"getSiteConfig all sites in all environments should return valid config for LRM in production environment","status":"passed","title":"should return valid config for LRM in production environment","duration":0.06795900000008714,"failureMessages":[],"meta":{}},{"ancestorTitles":["getSiteConfig","all sites in all environments"],"fullName":"getSiteConfig all sites in all environments should return valid config for FRBR in local environment","status":"passed","title":"should return valid config for FRBR in local environment","duration":0.09770800000001145,"failureMessages":[],"meta":{}},{"ancestorTitles":["getSiteConfig","all sites in all environments"],"fullName":"getSiteConfig all sites in all environments should return valid config for FRBR in preview environment","status":"passed","title":"should return valid config for FRBR in preview environment","duration":0.06891699999994216,"failureMessages":[],"meta":{}},{"ancestorTitles":["getSiteConfig","all sites in all environments"],"fullName":"getSiteConfig all sites in all environments should return valid config for FRBR in development environment","status":"passed","title":"should return valid config for FRBR in development environment","duration":0.06787500000007185,"failureMessages":[],"meta":{}},{"ancestorTitles":["getSiteConfig","all sites in all environments"],"fullName":"getSiteConfig all sites in all environments should return valid config for FRBR in production environment","status":"passed","title":"should return valid config for FRBR in production environment","duration":0.06770799999992505,"failureMessages":[],"meta":{}},{"ancestorTitles":["getSiteConfig","all sites in all environments"],"fullName":"getSiteConfig all sites in all environments should return valid config for isbd in local environment","status":"passed","title":"should return valid config for isbd in local environment","duration":0.0955829999999196,"failureMessages":[],"meta":{}},{"ancestorTitles":["getSiteConfig","all sites in all environments"],"fullName":"getSiteConfig all sites in all environments should return valid config for isbd in preview environment","status":"passed","title":"should return valid config for isbd in preview environment","duration":0.06816700000001674,"failureMessages":[],"meta":{}},{"ancestorTitles":["getSiteConfig","all sites in all environments"],"fullName":"getSiteConfig all sites in all environments should return valid config for isbd in development environment","status":"passed","title":"should return valid config for isbd in development environment","duration":0.06887499999993452,"failureMessages":[],"meta":{}},{"ancestorTitles":["getSiteConfig","all sites in all environments"],"fullName":"getSiteConfig all sites in all environments should return valid config for isbd in production environment","status":"passed","title":"should return valid config for isbd in production environment","duration":0.06633399999998346,"failureMessages":[],"meta":{}},{"ancestorTitles":["getSiteConfig","all sites in all environments"],"fullName":"getSiteConfig all sites in all environments should return valid config for muldicat in local environment","status":"passed","title":"should return valid config for muldicat in local environment","duration":0.09120800000005147,"failureMessages":[],"meta":{}},{"ancestorTitles":["getSiteConfig","all sites in all environments"],"fullName":"getSiteConfig all sites in all environments should return valid config for muldicat in preview environment","status":"passed","title":"should return valid config for muldicat in preview environment","duration":0.06624999999996817,"failureMessages":[],"meta":{}},{"ancestorTitles":["getSiteConfig","all sites in all environments"],"fullName":"getSiteConfig all sites in all environments should return valid config for muldicat in development environment","status":"passed","title":"should return valid config for muldicat in development environment","duration":0.06529199999999946,"failureMessages":[],"meta":{}},{"ancestorTitles":["getSiteConfig","all sites in all environments"],"fullName":"getSiteConfig all sites in all environments should return valid config for muldicat in production environment","status":"passed","title":"should return valid config for muldicat in production environment","duration":0.06504099999995105,"failureMessages":[],"meta":{}},{"ancestorTitles":["getSiteConfig","all sites in all environments"],"fullName":"getSiteConfig all sites in all environments should return valid config for unimarc in local environment","status":"passed","title":"should return valid config for unimarc in local environment","duration":0.09054200000002766,"failureMessages":[],"meta":{}},{"ancestorTitles":["getSiteConfig","all sites in all environments"],"fullName":"getSiteConfig all sites in all environments should return valid config for unimarc in preview environment","status":"passed","title":"should return valid config for unimarc in preview environment","duration":0.06508300000007239,"failureMessages":[],"meta":{}},{"ancestorTitles":["getSiteConfig","all sites in all environments"],"fullName":"getSiteConfig all sites in all environments should return valid config for unimarc in development environment","status":"passed","title":"should return valid config for unimarc in development environment","duration":0.06654200000002675,"failureMessages":[],"meta":{}},{"ancestorTitles":["getSiteConfig","all sites in all environments"],"fullName":"getSiteConfig all sites in all environments should return valid config for unimarc in production environment","status":"passed","title":"should return valid config for unimarc in production environment","duration":0.13350000000002638,"failureMessages":[],"meta":{}},{"ancestorTitles":["getSiteConfig","all sites in all environments"],"fullName":"getSiteConfig all sites in all environments should return valid config for newtest in local environment","status":"passed","title":"should return valid config for newtest in local environment","duration":0.09562499999992724,"failureMessages":[],"meta":{}},{"ancestorTitles":["getSiteConfig","all sites in all environments"],"fullName":"getSiteConfig all sites in all environments should return valid config for newtest in preview environment","status":"passed","title":"should return valid config for newtest in preview environment","duration":0.07616700000005494,"failureMessages":[],"meta":{}},{"ancestorTitles":["getSiteConfig","all sites in all environments"],"fullName":"getSiteConfig all sites in all environments should return valid config for newtest in development environment","status":"passed","title":"should return valid config for newtest in development environment","duration":0.06841599999995651,"failureMessages":[],"meta":{}},{"ancestorTitles":["getSiteConfig","all sites in all environments"],"fullName":"getSiteConfig all sites in all environments should return valid config for newtest in production environment","status":"passed","title":"should return valid config for newtest in production environment","duration":0.06766700000002857,"failureMessages":[],"meta":{}},{"ancestorTitles":["getSiteConfig","error handling"],"fullName":"getSiteConfig error handling should throw error for invalid site key","status":"passed","title":"should throw error for invalid site key","duration":0.41162500000007185,"failureMessages":[],"meta":{}},{"ancestorTitles":["getSiteConfig","error handling"],"fullName":"getSiteConfig error handling should throw error for invalid environment","status":"passed","title":"should throw error for invalid environment","duration":0.08062499999994088,"failureMessages":[],"meta":{}},{"ancestorTitles":["getSiteConfig","URL structure validation"],"fullName":"getSiteConfig URL structure validation should use localhost URLs for local environment","status":"passed","title":"should use localhost URLs for local environment","duration":0.202083000000016,"failureMessages":[],"meta":{}},{"ancestorTitles":["getSiteConfig","URL structure validation"],"fullName":"getSiteConfig URL structure validation should use production URLs for production environment","status":"passed","title":"should use production URLs for production environment","duration":0.1482499999999618,"failureMessages":[],"meta":{}},{"ancestorTitles":["getSiteConfig","URL structure validation"],"fullName":"getSiteConfig URL structure validation should use GitHub Pages URLs for preview environment","status":"passed","title":"should use GitHub Pages URLs for preview environment","duration":0.22370899999998528,"failureMessages":[],"meta":{}}],"startTime":1751042049877,"endTime":1751042049883.2236,"status":"passed","message":"","name":"/Users/jonphipps/Code/IFLA/standards-dev/packages/theme/src/tests/config/siteConfig.test.ts"}]}