{"numTotalTestSuites":209,"numPassedTestSuites":209,"numFailedTestSuites":0,"numPendingTestSuites":0,"numTotalTests":460,"numPassedTests":459,"numFailedTests":0,"numPendingTests":1,"numTodoTests":0,"snapshot":{"added":0,"failure":false,"filesAdded":0,"filesRemoved":0,"filesRemovedList":[],"filesUnmatched":0,"filesUpdated":0,"matched":0,"total":0,"unchecked":0,"uncheckedKeysByFile":[],"unmatched":0,"updated":0,"didUpdate":false},"startTime":1751041771983,"success":true,"testResults":[{"assertionResults":[{"ancestorTitles":["DownloadPanel"],"fullName":"DownloadPanel renders with default content","status":"passed","title":"renders with default content","duration":23.029207999999926,"failureMessages":[],"meta":{}},{"ancestorTitles":["DownloadPanel"],"fullName":"DownloadPanel shows \"Coming Soon\" buttons when no URLs are provided","status":"passed","title":"shows \"Coming Soon\" buttons when no URLs are provided","duration":6.4318340000004355,"failureMessages":[],"meta":{}},{"ancestorTitles":["DownloadPanel"],"fullName":"DownloadPanel renders active download links when URLs are provided","status":"passed","title":"renders active download links when URLs are provided","duration":13.216083000000253,"failureMessages":[],"meta":{}},{"ancestorTitles":["DownloadPanel"],"fullName":"DownloadPanel handles partial URL configuration","status":"passed","title":"handles partial URL configuration","duration":9.439457999999831,"failureMessages":[],"meta":{}},{"ancestorTitles":["DownloadPanel"],"fullName":"DownloadPanel applies custom className","status":"passed","title":"applies custom className","duration":2.7636250000000473,"failureMessages":[],"meta":{}},{"ancestorTitles":["DownloadPanel"],"fullName":"DownloadPanel has proper button styling classes","status":"passed","title":"has proper button styling classes","duration":2.0354999999999563,"failureMessages":[],"meta":{}},{"ancestorTitles":["DownloadPanel"],"fullName":"DownloadPanel has proper RDF button styling classes","status":"passed","title":"has proper RDF button styling classes","duration":1.8487079999999878,"failureMessages":[],"meta":{}},{"ancestorTitles":["DownloadPanel"],"fullName":"DownloadPanel renders all format sections with proper headings","status":"passed","title":"renders all format sections with proper headings","duration":41.046749999999975,"failureMessages":[],"meta":{}}],"startTime":1751041774901,"endTime":1751041775001.0466,"status":"passed","message":"","name":"/Users/jonphipps/Code/IFLA/standards-dev/packages/theme/src/tests/components/DownloadPanel.test.tsx"},{"assertionResults":[{"ancestorTitles":["ElementReference - URI Generation Logic Tests","URI Prefix Logic"],"fullName":"ElementReference - URI Generation Logic Tests URI Prefix Logic should correctly determine prefix based on element type","status":"passed","title":"should correctly determine prefix based on element type","duration":0.9704169999999976,"failureMessages":[],"meta":{}},{"ancestorTitles":["ElementReference - URI Generation Logic Tests","URI Prefix Logic"],"fullName":"ElementReference - URI Generation Logic Tests URI Prefix Logic should generate correct full URI based on type and ID","status":"passed","title":"should generate correct full URI based on type and ID","duration":0.12845900000002075,"failureMessages":[],"meta":{}},{"ancestorTitles":["ElementReference - URI Generation Logic Tests","Type Normalization Logic"],"fullName":"ElementReference - URI Generation Logic Tests Type Normalization Logic should normalize RDF types correctly","status":"passed","title":"should normalize RDF types correctly","duration":0.7469999999998436,"failureMessages":[],"meta":{}},{"ancestorTitles":["ElementReference - URI Generation Logic Tests","Element Relationship Processing"],"fullName":"ElementReference - URI Generation Logic Tests Element Relationship Processing should convert elementSuperType to subPropertyOf","status":"passed","title":"should convert elementSuperType to subPropertyOf","duration":0.7033750000000509,"failureMessages":[],"meta":{}},{"ancestorTitles":["ElementReference - URI Generation Logic Tests","Element Relationship Processing"],"fullName":"ElementReference - URI Generation Logic Tests Element Relationship Processing should handle inverseOf relationships","status":"passed","title":"should handle inverseOf relationships","duration":0.2476249999999709,"failureMessages":[],"meta":{}},{"ancestorTitles":["ElementReference - URI Generation Logic Tests","Table Field Filtering"],"fullName":"ElementReference - URI Generation Logic Tests Table Field Filtering should filter out fields that should not appear in table","status":"passed","title":"should filter out fields that should not appear in table","duration":0.1619580000001406,"failureMessages":[],"meta":{}},{"ancestorTitles":["ElementReference - URI Generation Logic Tests","RDF Serialization Logic"],"fullName":"ElementReference - URI Generation Logic Tests RDF Serialization Logic should generate correct JSON-LD structure","status":"passed","title":"should generate correct JSON-LD structure","duration":0.1265840000000935,"failureMessages":[],"meta":{}},{"ancestorTitles":["ElementReference - URI Generation Logic Tests","RDF Serialization Logic"],"fullName":"ElementReference - URI Generation Logic Tests RDF Serialization Logic should generate correct Turtle syntax","status":"passed","title":"should generate correct Turtle syntax","duration":0.14404199999989942,"failureMessages":[],"meta":{}},{"ancestorTitles":["ElementReference - URI Generation Logic Tests","RDF Serialization Logic"],"fullName":"ElementReference - URI Generation Logic Tests RDF Serialization Logic should generate correct RDF/XML type elements","status":"passed","title":"should generate correct RDF/XML type elements","duration":0.19695900000033362,"failureMessages":[],"meta":{}},{"ancestorTitles":["ElementReference - URI Generation Logic Tests","Deprecation Handling"],"fullName":"ElementReference - URI Generation Logic Tests Deprecation Handling should determine deprecation status correctly","status":"passed","title":"should determine deprecation status correctly","duration":0.14112500000010186,"failureMessages":[],"meta":{}},{"ancestorTitles":["ElementReference - URI Generation Logic Tests","Deprecation Handling"],"fullName":"ElementReference - URI Generation Logic Tests Deprecation Handling should extract deprecation version info","status":"passed","title":"should extract deprecation version info","duration":0.13279099999999744,"failureMessages":[],"meta":{}},{"ancestorTitles":["ElementReference - URI Generation Logic Tests","Component Integration Tests"],"fullName":"ElementReference - URI Generation Logic Tests Component Integration Tests should render correct URI for different types","status":"passed","title":"should render correct URI for different types","duration":32.28991700000006,"failureMessages":[],"meta":{}},{"ancestorTitles":["ElementReference - URI Generation Logic Tests","Component Integration Tests"],"fullName":"ElementReference - URI Generation Logic Tests Component Integration Tests should handle tab switching correctly","status":"passed","title":"should handle tab switching correctly","duration":8.394334000000072,"failureMessages":[],"meta":{}},{"ancestorTitles":["ElementReference - URI Generation Logic Tests","Component Integration Tests"],"fullName":"ElementReference - URI Generation Logic Tests Component Integration Tests should handle missing optional fields gracefully","status":"passed","title":"should handle missing optional fields gracefully","duration":5.886707999999999,"failureMessages":[],"meta":{}},{"ancestorTitles":["ElementReference - URI Generation Logic Tests","Component Integration Tests"],"fullName":"ElementReference - URI Generation Logic Tests Component Integration Tests should escape special characters in output","status":"passed","title":"should escape special characters in output","duration":5.120915999999852,"failureMessages":[],"meta":{}}],"startTime":1751041775106,"endTime":1751041775163.1208,"status":"passed","message":"","name":"/Users/jonphipps/Code/IFLA/standards-dev/packages/theme/src/tests/components/ElementReference-improved.test.tsx"},{"assertionResults":[{"ancestorTitles":["ElementReference component","URI generation by type"],"fullName":"ElementReference component URI generation by type generates Class URI with C prefix for type:Class","status":"passed","title":"generates Class URI with C prefix for type:Class","duration":32.171792000000096,"failureMessages":[],"meta":{}},{"ancestorTitles":["ElementReference component","URI generation by type"],"fullName":"ElementReference component URI generation by type generates Class URI with C prefix for type with mixed case \"class\"","status":"passed","title":"generates Class URI with C prefix for type with mixed case \"class\"","duration":6.652957999999899,"failureMessages":[],"meta":{}},{"ancestorTitles":["ElementReference component","URI generation by type"],"fullName":"ElementReference component URI generation by type generates Property URI with P prefix for type:DatatypeProperty","status":"passed","title":"generates Property URI with P prefix for type:DatatypeProperty","duration":6.357458999999835,"failureMessages":[],"meta":{}},{"ancestorTitles":["ElementReference component","URI generation by type"],"fullName":"ElementReference component URI generation by type generates Property URI with P prefix for type:ObjectProperty","status":"passed","title":"generates Property URI with P prefix for type:ObjectProperty","duration":7.304083999999875,"failureMessages":[],"meta":{}},{"ancestorTitles":["ElementReference component","URI generation by type"],"fullName":"ElementReference component URI generation by type generates Property URI with P prefix for type:Property","status":"passed","title":"generates Property URI with P prefix for type:Property","duration":9.545415999999932,"failureMessages":[],"meta":{}},{"ancestorTitles":["ElementReference component","URI generation by type"],"fullName":"ElementReference component URI generation by type uses config values from docusaurus.config.ts for URI generation","status":"passed","title":"uses config values from docusaurus.config.ts for URI generation","duration":6.354665999999952,"failureMessages":[],"meta":{}},{"ancestorTitles":["ElementReference component","RDF serialization formats by type"],"fullName":"ElementReference component RDF serialization formats by type generates proper JSON-LD for Class types","status":"passed","title":"generates proper JSON-LD for Class types","duration":5.201042000000143,"failureMessages":[],"meta":{}},{"ancestorTitles":["ElementReference component","RDF serialization formats by type"],"fullName":"ElementReference component RDF serialization formats by type generates proper JSON-LD for ObjectProperty types","status":"passed","title":"generates proper JSON-LD for ObjectProperty types","duration":10.96895799999993,"failureMessages":[],"meta":{}},{"ancestorTitles":["ElementReference component","RDF serialization formats by type"],"fullName":"ElementReference component RDF serialization formats by type generates proper Turtle for Class types","status":"passed","title":"generates proper Turtle for Class types","duration":6.3125,"failureMessages":[],"meta":{}},{"ancestorTitles":["ElementReference component","RDF serialization formats by type"],"fullName":"ElementReference component RDF serialization formats by type generates proper RDF/XML for Class types","status":"passed","title":"generates proper RDF/XML for Class types","duration":6.554999999999836,"failureMessages":[],"meta":{}},{"ancestorTitles":["ElementReference component","Properties table and RDF rendering tests"],"fullName":"ElementReference component Properties table and RDF rendering tests does not render isDefinedBy in the table but includes it in RDF","status":"passed","title":"does not render isDefinedBy in the table but includes it in RDF","duration":8.054208000000017,"failureMessages":[],"meta":{}},{"ancestorTitles":["ElementReference component","Properties table and RDF rendering tests"],"fullName":"ElementReference component Properties table and RDF rendering tests does not render subPropertyOf in the table but includes it in RDF","status":"passed","title":"does not render subPropertyOf in the table but includes it in RDF","duration":4.35087499999986,"failureMessages":[],"meta":{}},{"ancestorTitles":["ElementReference component","Properties table and RDF rendering tests"],"fullName":"ElementReference component Properties table and RDF rendering tests does not include upper_value in JSON-LD output","status":"passed","title":"does not include upper_value in JSON-LD output","duration":3.7657919999999194,"failureMessages":[],"meta":{}},{"ancestorTitles":["ElementReference component","Component rendering with templated frontmatter structure"],"fullName":"ElementReference component Component rendering with templated frontmatter structure renders with templated frontmatter structure correctly","status":"passed","title":"renders with templated frontmatter structure correctly","duration":8.264333000000079,"failureMessages":[],"meta":{}},{"ancestorTitles":["ElementReference component","Component rendering with templated frontmatter structure"],"fullName":"ElementReference component Component rendering with templated frontmatter structure renders all expected fields from templated frontmatter","status":"passed","title":"renders all expected fields from templated frontmatter","duration":7.431749999999965,"failureMessages":[],"meta":{}},{"ancestorTitles":["ElementReference component","Individual attribute tests with templated frontmatter"],"fullName":"ElementReference component Individual attribute tests with templated frontmatter renders definition correctly","status":"passed","title":"renders definition correctly","duration":4.2956250000002,"failureMessages":[],"meta":{}},{"ancestorTitles":["ElementReference component","Individual attribute tests with templated frontmatter"],"fullName":"ElementReference component Individual attribute tests with templated frontmatter renders scope note correctly","status":"passed","title":"renders scope note correctly","duration":8.635915999999952,"failureMessages":[],"meta":{}},{"ancestorTitles":["ElementReference component","Individual attribute tests with templated frontmatter"],"fullName":"ElementReference component Individual attribute tests with templated frontmatter renders domain correctly","status":"passed","title":"renders domain correctly","duration":5.847500000000082,"failureMessages":[],"meta":{}},{"ancestorTitles":["ElementReference component","Individual attribute tests with templated frontmatter"],"fullName":"ElementReference component Individual attribute tests with templated frontmatter renders range correctly","status":"passed","title":"renders range correctly","duration":4.863417000000027,"failureMessages":[],"meta":{}},{"ancestorTitles":["ElementReference component","Individual attribute tests with templated frontmatter"],"fullName":"ElementReference component Individual attribute tests with templated frontmatter renders type correctly","status":"passed","title":"renders type correctly","duration":9.125083000000132,"failureMessages":[],"meta":{}},{"ancestorTitles":["ElementReference component","Relationship tests with templated frontmatter"],"fullName":"ElementReference component Relationship tests with templated frontmatter renders elementSubType correctly","status":"passed","title":"renders elementSubType correctly","duration":4.021749999999884,"failureMessages":[],"meta":{}},{"ancestorTitles":["ElementReference component","Relationship tests with templated frontmatter"],"fullName":"ElementReference component Relationship tests with templated frontmatter renders elementSuperType correctly and converts to subPropertyOf","status":"passed","title":"renders elementSuperType correctly and converts to subPropertyOf","duration":10.790332999999919,"failureMessages":[],"meta":{}},{"ancestorTitles":["ElementReference component","Deprecation tests with templated frontmatter"],"fullName":"ElementReference component Deprecation tests with templated frontmatter renders deprecation warning when deprecated is true at root level","status":"passed","title":"renders deprecation warning when deprecated is true at root level","duration":6.945709000000079,"failureMessages":[],"meta":{}},{"ancestorTitles":["ElementReference component","Deprecation tests with templated frontmatter"],"fullName":"ElementReference component Deprecation tests with templated frontmatter renders deprecatedInVersion correctly from root level","status":"passed","title":"renders deprecatedInVersion correctly from root level","duration":9.3443749999999,"failureMessages":[],"meta":{}},{"ancestorTitles":["ElementReference component","Deprecation tests with templated frontmatter"],"fullName":"ElementReference component Deprecation tests with templated frontmatter renders willBeRemovedInVersion correctly from root level","status":"passed","title":"renders willBeRemovedInVersion correctly from root level","duration":5.358999999999924,"failureMessages":[],"meta":{}},{"ancestorTitles":["ElementReference component","RDF representation tests with templated frontmatter"],"fullName":"ElementReference component RDF representation tests with templated frontmatter generates all RDF formats correctly","status":"passed","title":"generates all RDF formats correctly","duration":6.643958999999995,"failureMessages":[],"meta":{}}],"startTime":1751041773178,"endTime":1751041773384.644,"status":"passed","message":"","name":"/Users/jonphipps/Code/IFLA/standards-dev/packages/theme/src/tests/components/ElementReference.test.tsx"},{"assertionResults":[{"ancestorTitles":["ExampleTable"],"fullName":"ExampleTable renders all entries correctly","status":"passed","title":"renders all entries correctly","duration":32.738166999999976,"failureMessages":[],"meta":{}},{"ancestorTitles":["ExampleTable"],"fullName":"ExampleTable renders detail buttons only for entries with details","status":"passed","title":"renders detail buttons only for entries with details","duration":4.375667000000249,"failureMessages":[],"meta":{}},{"ancestorTitles":["ExampleTable"],"fullName":"ExampleTable shows details when button is clicked","status":"passed","title":"shows details when button is clicked","duration":37.3659590000002,"failureMessages":[],"meta":{}},{"ancestorTitles":["ExampleTable"],"fullName":"ExampleTable hides details when button is clicked again","status":"passed","title":"hides details when button is clicked again","duration":14.89995799999997,"failureMessages":[],"meta":{}},{"ancestorTitles":["ExampleTable"],"fullName":"ExampleTable applies correct classes to elements","status":"passed","title":"applies correct classes to elements","duration":7.027041000000281,"failureMessages":[],"meta":{}}],"startTime":1751041775012,"endTime":1751041775108.027,"status":"passed","message":"","name":"/Users/jonphipps/Code/IFLA/standards-dev/packages/theme/src/tests/components/ExampleTable.test.tsx"},{"assertionResults":[{"ancestorTitles":["Figure Component"],"fullName":"Figure Component renders with required props","status":"passed","title":"renders with required props","duration":44.37366699999984,"failureMessages":[],"meta":{}},{"ancestorTitles":["Figure Component"],"fullName":"Figure Component renders with all props","status":"passed","title":"renders with all props","duration":9.361582999999882,"failureMessages":[],"meta":{}},{"ancestorTitles":["Figure Component"],"fullName":"Figure Component processes image paths with useBaseUrl","status":"passed","title":"processes image paths with useBaseUrl","duration":4.958749999999782,"failureMessages":[],"meta":{}},{"ancestorTitles":["Figure Component"],"fullName":"Figure Component has proper ARIA attributes for accessibility","status":"passed","title":"has proper ARIA attributes for accessibility","duration":3.9344160000000556,"failureMessages":[],"meta":{}},{"ancestorTitles":["Figure Component"],"fullName":"Figure Component passes accessibility test","status":"passed","title":"passes accessibility test","duration":77.47558299999992,"failureMessages":[],"meta":{}},{"ancestorTitles":["Figure Component"],"fullName":"Figure Component handles missing alt text by using caption","status":"passed","title":"handles missing alt text by using caption","duration":3.649667000000136,"failureMessages":[],"meta":{}}],"startTime":1751041774157,"endTime":1751041774300.6497,"status":"passed","message":"","name":"/Users/jonphipps/Code/IFLA/standards-dev/packages/theme/src/tests/components/Figure.test.tsx"},{"assertionResults":[{"ancestorTitles":["InLink Component - Real Functionality Tests","Smart Wrapping Logic"],"fullName":"InLink Component - Real Functionality Tests Smart Wrapping Logic should implement zero-width space insertion correctly","status":"passed","title":"should implement zero-width space insertion correctly","duration":3.565541999999823,"failureMessages":[],"meta":{}},{"ancestorTitles":["InLink Component - Real Functionality Tests","Smart Wrapping Logic"],"fullName":"InLink Component - Real Functionality Tests Smart Wrapping Logic should handle nested React elements correctly","status":"passed","title":"should handle nested React elements correctly","duration":0.4266250000000582,"failureMessages":[],"meta":{}},{"ancestorTitles":["InLink Component - Real Functionality Tests","Smart Wrapping Logic"],"fullName":"InLink Component - Real Functionality Tests Smart Wrapping Logic should preserve text without parentheses","status":"passed","title":"should preserve text without parentheses","duration":0.19729200000028868,"failureMessages":[],"meta":{}},{"ancestorTitles":["InLink Component - Real Functionality Tests","Smart Wrapping Logic"],"fullName":"InLink Component - Real Functionality Tests Smart Wrapping Logic should handle edge cases in parentheses placement","status":"passed","title":"should handle edge cases in parentheses placement","duration":0.2036670000002232,"failureMessages":[],"meta":{}},{"ancestorTitles":["InLink Component - Real Functionality Tests","URL Processing Logic"],"fullName":"InLink Component - Real Functionality Tests URL Processing Logic should handle different URL formats correctly","status":"passed","title":"should handle different URL formats correctly","duration":0.13095800000019153,"failureMessages":[],"meta":{}},{"ancestorTitles":["InLink Component - Real Functionality Tests","URL Processing Logic"],"fullName":"InLink Component - Real Functionality Tests URL Processing Logic should preserve URL query parameters and fragments","status":"passed","title":"should preserve URL query parameters and fragments","duration":0.11816700000008495,"failureMessages":[],"meta":{}},{"ancestorTitles":["InLink Component - Real Functionality Tests","Component Integration"],"fullName":"InLink Component - Real Functionality Tests Component Integration should combine URL processing and smart wrapping","status":"passed","title":"should combine URL processing and smart wrapping","duration":12.595667000000049,"failureMessages":[],"meta":{}},{"ancestorTitles":["InLink Component - Real Functionality Tests","Component Integration"],"fullName":"InLink Component - Real Functionality Tests Component Integration should handle complex nested structures","status":"passed","title":"should handle complex nested structures","duration":3.7970000000000255,"failureMessages":[],"meta":{}},{"ancestorTitles":["InLink Component - Real Functionality Tests","Component Integration"],"fullName":"InLink Component - Real Functionality Tests Component Integration should maintain React element props and structure","status":"passed","title":"should maintain React element props and structure","duration":7.443124999999782,"failureMessages":[],"meta":{}},{"ancestorTitles":["InLink Component - Real Functionality Tests","Performance Considerations"],"fullName":"InLink Component - Real Functionality Tests Performance Considerations should handle large text efficiently","status":"passed","title":"should handle large text efficiently","duration":1.4769169999999576,"failureMessages":[],"meta":{}},{"ancestorTitles":["InLink Component - Real Functionality Tests","Performance Considerations"],"fullName":"InLink Component - Real Functionality Tests Performance Considerations should handle deeply nested structures","status":"passed","title":"should handle deeply nested structures","duration":3.505417000000307,"failureMessages":[],"meta":{}},{"ancestorTitles":["InLink Component - Real Functionality Tests","Accessibility"],"fullName":"InLink Component - Real Functionality Tests Accessibility should not affect screen reader behavior","status":"passed","title":"should not affect screen reader behavior","duration":1.2998750000001564,"failureMessages":[],"meta":{}},{"ancestorTitles":["InLink Component - Real Functionality Tests","Accessibility"],"fullName":"InLink Component - Real Functionality Tests Accessibility should maintain proper link semantics","status":"passed","title":"should maintain proper link semantics","duration":43.88683399999991,"failureMessages":[],"meta":{}},{"ancestorTitles":["InLink Component - Real Functionality Tests","CSS and Styling"],"fullName":"InLink Component - Real Functionality Tests CSS and Styling should apply correct classes","status":"passed","title":"should apply correct classes","duration":1.6054999999996653,"failureMessages":[],"meta":{}},{"ancestorTitles":["InLink Component - Real Functionality Tests","CSS and Styling"],"fullName":"InLink Component - Real Functionality Tests CSS and Styling should handle style props if supported","status":"passed","title":"should handle style props if supported","duration":1.3567080000002534,"failureMessages":[],"meta":{}},{"ancestorTitles":["InLink Component - Real Functionality Tests","Error Handling"],"fullName":"InLink Component - Real Functionality Tests Error Handling should handle null or undefined children gracefully","status":"passed","title":"should handle null or undefined children gracefully","duration":0.9357079999999769,"failureMessages":[],"meta":{}},{"ancestorTitles":["InLink Component - Real Functionality Tests","Error Handling"],"fullName":"InLink Component - Real Functionality Tests Error Handling should handle missing href gracefully","status":"passed","title":"should handle missing href gracefully","duration":0.8420410000003358,"failureMessages":[],"meta":{}}],"startTime":1751041775161,"endTime":1751041775244.842,"status":"passed","message":"","name":"/Users/jonphipps/Code/IFLA/standards-dev/packages/theme/src/tests/components/InLink-improved.test.tsx"},{"assertionResults":[{"ancestorTitles":["InLink Component"],"fullName":"InLink Component renders with required props","status":"passed","title":"renders with required props","duration":26.660207999999784,"failureMessages":[],"meta":{}},{"ancestorTitles":["InLink Component"],"fullName":"InLink Component processes URLs with useBaseUrl","status":"passed","title":"processes URLs with useBaseUrl","duration":2.1594169999998485,"failureMessages":[],"meta":{}},{"ancestorTitles":["InLink Component"],"fullName":"InLink Component applies additional className when provided","status":"passed","title":"applies additional className when provided","duration":2.863582999999835,"failureMessages":[],"meta":{}},{"ancestorTitles":["InLink Component"],"fullName":"InLink Component renders with complex children","status":"passed","title":"renders with complex children","duration":3.5077919999998812,"failureMessages":[],"meta":{}},{"ancestorTitles":["InLink Component"],"fullName":"InLink Component preserves href with query parameters","status":"passed","title":"preserves href with query parameters","duration":2.0393330000001697,"failureMessages":[],"meta":{}},{"ancestorTitles":["InLink Component","Smart wrapping functionality"],"fullName":"InLink Component Smart wrapping functionality adds zero-width spaces before parentheses by default","status":"passed","title":"adds zero-width spaces before parentheses by default","duration":3.6237920000003214,"failureMessages":[],"meta":{}},{"ancestorTitles":["InLink Component","Smart wrapping functionality"],"fullName":"InLink Component Smart wrapping functionality handles multiple parentheses in text","status":"passed","title":"handles multiple parentheses in text","duration":1.2358330000001843,"failureMessages":[],"meta":{}},{"ancestorTitles":["InLink Component","Smart wrapping functionality"],"fullName":"InLink Component Smart wrapping functionality processes text within nested elements","status":"passed","title":"processes text within nested elements","duration":1.5970839999999953,"failureMessages":[],"meta":{}},{"ancestorTitles":["InLink Component","Smart wrapping functionality"],"fullName":"InLink Component Smart wrapping functionality does not add zero-width spaces when smartWrap is false","status":"passed","title":"does not add zero-width spaces when smartWrap is false","duration":2.105957999999646,"failureMessages":[],"meta":{}},{"ancestorTitles":["InLink Component","Smart wrapping functionality"],"fullName":"InLink Component Smart wrapping functionality preserves text with no parentheses unchanged","status":"passed","title":"preserves text with no parentheses unchanged","duration":1.0914999999999964,"failureMessages":[],"meta":{}},{"ancestorTitles":["InLink Component","Smart wrapping functionality"],"fullName":"InLink Component Smart wrapping functionality handles empty parentheses correctly","status":"passed","title":"handles empty parentheses correctly","duration":0.8193750000000364,"failureMessages":[],"meta":{}},{"ancestorTitles":["InLink Component","Smart wrapping functionality"],"fullName":"InLink Component Smart wrapping functionality works with mixed content including text and elements","status":"passed","title":"works with mixed content including text and elements","duration":1.6100420000002487,"failureMessages":[],"meta":{}},{"ancestorTitles":["InLink Component"],"fullName":"InLink Component applies correct CSS module classes","status":"passed","title":"applies correct CSS module classes","duration":0.9441670000001068,"failureMessages":[],"meta":{}},{"ancestorTitles":["InLink Component"],"fullName":"InLink Component passes accessibility tests","status":"passed","title":"passes accessibility tests","duration":64.72545900000023,"failureMessages":[],"meta":{}},{"ancestorTitles":["InLink Component"],"fullName":"InLink Component passes accessibility tests with smart wrapping","status":"passed","title":"passes accessibility tests with smart wrapping","duration":13.82616599999983,"failureMessages":[],"meta":{}}],"startTime":1751041774189,"endTime":1751041774318.8262,"status":"passed","message":"","name":"/Users/jonphipps/Code/IFLA/standards-dev/packages/theme/src/tests/components/InLink.test.tsx"},{"assertionResults":[{"ancestorTitles":["Mandatory Component"],"fullName":"Mandatory Component renders with default props","status":"passed","title":"renders with default props","duration":47.8246250000002,"failureMessages":[],"meta":{}},{"ancestorTitles":["Mandatory Component"],"fullName":"Mandatory Component renders with custom props","status":"passed","title":"renders with custom props","duration":7.0841669999999795,"failureMessages":[],"meta":{}},{"ancestorTitles":["Mandatory Component"],"fullName":"Mandatory Component processes link through useBaseUrl","status":"passed","title":"processes link through useBaseUrl","duration":4.986167000000023,"failureMessages":[],"meta":{}},{"ancestorTitles":["Mandatory Component"],"fullName":"Mandatory Component has proper accessibility attributes","status":"passed","title":"has proper accessibility attributes","duration":8.203958000000057,"failureMessages":[],"meta":{}},{"ancestorTitles":["Mandatory Component"],"fullName":"Mandatory Component applies additional className when provided","status":"passed","title":"applies additional className when provided","duration":2.365042000000358,"failureMessages":[],"meta":{}},{"ancestorTitles":["Mandatory Component"],"fullName":"Mandatory Component passes accessibility test","status":"passed","title":"passes accessibility test","duration":29.872583000000304,"failureMessages":[],"meta":{}}],"startTime":1751041774362,"endTime":1751041774462.8726,"status":"passed","message":"","name":"/Users/jonphipps/Code/IFLA/standards-dev/packages/theme/src/tests/components/Mandatory.test.tsx"},{"assertionResults":[{"ancestorTitles":["OutLink Component"],"fullName":"OutLink Component renders with required props","status":"passed","title":"renders with required props","duration":22.22683300000017,"failureMessages":[],"meta":{}},{"ancestorTitles":["OutLink Component"],"fullName":"OutLink Component renders internal link correctly","status":"passed","title":"renders internal link correctly","duration":5.050249999999778,"failureMessages":[],"meta":{}},{"ancestorTitles":["OutLink Component"],"fullName":"OutLink Component handles external prop override","status":"passed","title":"handles external prop override","duration":5.983208000000104,"failureMessages":[],"meta":{}},{"ancestorTitles":["OutLink Component"],"fullName":"OutLink Component processes internal links with useBaseUrl","status":"passed","title":"processes internal links with useBaseUrl","duration":2.0628750000000764,"failureMessages":[],"meta":{}},{"ancestorTitles":["OutLink Component"],"fullName":"OutLink Component adds proper accessibility attributes for external links","status":"passed","title":"adds proper accessibility attributes for external links","duration":3.0577909999997246,"failureMessages":[],"meta":{}},{"ancestorTitles":["OutLink Component"],"fullName":"OutLink Component applies additional className when provided","status":"passed","title":"applies additional className when provided","duration":2.191707999999835,"failureMessages":[],"meta":{}},{"ancestorTitles":["OutLink Component"],"fullName":"OutLink Component auto-detects external URLs","status":"passed","title":"auto-detects external URLs","duration":11.28045800000018,"failureMessages":[],"meta":{}},{"ancestorTitles":["OutLink Component"],"fullName":"OutLink Component passes accessibility tests","status":"passed","title":"passes accessibility tests","duration":49.07912499999975,"failureMessages":[],"meta":{}}],"startTime":1751041774244,"endTime":1751041774345.079,"status":"passed","message":"","name":"/Users/jonphipps/Code/IFLA/standards-dev/packages/theme/src/tests/components/OutLink.test.tsx"},{"assertionResults":[{"ancestorTitles":["QuickStart"],"fullName":"QuickStart renders with default content and paths","status":"passed","title":"renders with default content and paths","duration":22.06433399999969,"failureMessages":[],"meta":{}},{"ancestorTitles":["QuickStart"],"fullName":"QuickStart uses default paths when none are provided","status":"passed","title":"uses default paths when none are provided","duration":3.5938750000000255,"failureMessages":[],"meta":{}},{"ancestorTitles":["QuickStart"],"fullName":"QuickStart uses custom paths when provided","status":"passed","title":"uses custom paths when provided","duration":2.4783330000000205,"failureMessages":[],"meta":{}},{"ancestorTitles":["QuickStart"],"fullName":"QuickStart applies custom className","status":"passed","title":"applies custom className","duration":1.3527920000001359,"failureMessages":[],"meta":{}},{"ancestorTitles":["QuickStart"],"fullName":"QuickStart has proper button styling classes","status":"passed","title":"has proper button styling classes","duration":1.9769160000000738,"failureMessages":[],"meta":{}},{"ancestorTitles":["QuickStart"],"fullName":"QuickStart renders proper heading structure","status":"passed","title":"renders proper heading structure","duration":30.070624999999836,"failureMessages":[],"meta":{}},{"ancestorTitles":["QuickStart"],"fullName":"QuickStart handles partial path configuration","status":"passed","title":"handles partial path configuration","duration":1.6006659999998192,"failureMessages":[],"meta":{}},{"ancestorTitles":["QuickStart"],"fullName":"QuickStart supports empty string paths","status":"passed","title":"supports empty string paths","duration":1.3414999999999964,"failureMessages":[],"meta":{}},{"ancestorTitles":["QuickStart"],"fullName":"QuickStart renders all navigation links as clickable elements","status":"passed","title":"renders all navigation links as clickable elements","duration":7.37479200000007,"failureMessages":[],"meta":{}},{"ancestorTitles":["QuickStart"],"fullName":"QuickStart maintains consistent styling across all buttons","status":"passed","title":"maintains consistent styling across all buttons","duration":3.8448749999997744,"failureMessages":[],"meta":{}}],"startTime":1751041774904,"endTime":1751041774980.845,"status":"passed","message":"","name":"/Users/jonphipps/Code/IFLA/standards-dev/packages/theme/src/tests/components/QuickStart.test.tsx"},{"assertionResults":[{"ancestorTitles":["SeeAlso Component"],"fullName":"SeeAlso Component renders with text content","status":"passed","title":"renders with text content","duration":14.986750000000029,"failureMessages":[],"meta":{}},{"ancestorTitles":["SeeAlso Component"],"fullName":"SeeAlso Component renders with element content","status":"passed","title":"renders with element content","duration":40.715625000000045,"failureMessages":[],"meta":{}},{"ancestorTitles":["SeeAlso Component"],"fullName":"SeeAlso Component renders with multiple links","status":"passed","title":"renders with multiple links","duration":13.388750000000073,"failureMessages":[],"meta":{}},{"ancestorTitles":["SeeAlso Component"],"fullName":"SeeAlso Component applies additional className when provided","status":"passed","title":"applies additional className when provided","duration":11.145249999999805,"failureMessages":[],"meta":{}},{"ancestorTitles":["SeeAlso Component"],"fullName":"SeeAlso Component passes accessibility test","status":"passed","title":"passes accessibility test","duration":28.955917,"failureMessages":[],"meta":{}}],"startTime":1751041773235,"endTime":1751041773344.9558,"status":"passed","message":"","name":"/Users/jonphipps/Code/IFLA/standards-dev/packages/theme/src/tests/components/SeeAlso.test.tsx"},{"assertionResults":[{"ancestorTitles":["Unique Component"],"fullName":"Unique Component renders with default props","status":"passed","title":"renders with default props","duration":24.796582999999828,"failureMessages":[],"meta":{}},{"ancestorTitles":["Unique Component"],"fullName":"Unique Component renders with custom symbol","status":"passed","title":"renders with custom symbol","duration":1.8953339999998207,"failureMessages":[],"meta":{}},{"ancestorTitles":["Unique Component"],"fullName":"Unique Component renders with custom tooltip","status":"passed","title":"renders with custom tooltip","duration":2.777708000000075,"failureMessages":[],"meta":{}},{"ancestorTitles":["Unique Component"],"fullName":"Unique Component applies additional className when provided","status":"passed","title":"applies additional className when provided","duration":1.904207999999926,"failureMessages":[],"meta":{}},{"ancestorTitles":["Unique Component"],"fullName":"Unique Component combines all custom props","status":"passed","title":"combines all custom props","duration":2.2677090000001954,"failureMessages":[],"meta":{}},{"ancestorTitles":["Unique Component"],"fullName":"Unique Component passes accessibility test","status":"passed","title":"passes accessibility test","duration":48.49324999999999,"failureMessages":[],"meta":{}}],"startTime":1751041775143,"endTime":1751041775225.4932,"status":"passed","message":"","name":"/Users/jonphipps/Code/IFLA/standards-dev/packages/theme/src/tests/components/Unique.test.tsx"},{"assertionResults":[{"ancestorTitles":["VocabularyTable - Real Functionality Tests","Dark Mode Functionality"],"fullName":"VocabularyTable - Real Functionality Tests Dark Mode Functionality should render differently in dark mode vs light mode","status":"passed","title":"should render differently in dark mode vs light mode","duration":62.0947920000001,"failureMessages":[],"meta":{}},{"ancestorTitles":["VocabularyTable - Real Functionality Tests","Dark Mode Functionality"],"fullName":"VocabularyTable - Real Functionality Tests Dark Mode Functionality should maintain functionality in both light and dark modes","status":"passed","title":"should maintain functionality in both light and dark modes","duration":26.902791999999863,"failureMessages":[],"meta":{}},{"ancestorTitles":["VocabularyTable - Real Functionality Tests","Filtering Logic"],"fullName":"VocabularyTable - Real Functionality Tests Filtering Logic should filter by label in all languages","status":"passed","title":"should filter by label in all languages","duration":11.242707999999993,"failureMessages":[],"meta":{}},{"ancestorTitles":["VocabularyTable - Real Functionality Tests","Filtering Logic"],"fullName":"VocabularyTable - Real Functionality Tests Filtering Logic should filter by definition content","status":"passed","title":"should filter by definition content","duration":6.638875000000098,"failureMessages":[],"meta":{}},{"ancestorTitles":["VocabularyTable - Real Functionality Tests","Filtering Logic"],"fullName":"VocabularyTable - Real Functionality Tests Filtering Logic should handle case-insensitive filtering","status":"passed","title":"should handle case-insensitive filtering","duration":5.779874999999947,"failureMessages":[],"meta":{}},{"ancestorTitles":["VocabularyTable - Real Functionality Tests","Filtering Logic"],"fullName":"VocabularyTable - Real Functionality Tests Filtering Logic should show no results message when filter matches nothing","status":"passed","title":"should show no results message when filter matches nothing","duration":11.58137499999998,"failureMessages":[],"meta":{}},{"ancestorTitles":["VocabularyTable - Real Functionality Tests","URI Generation"],"fullName":"VocabularyTable - Real Functionality Tests URI Generation should generate correct URIs based on prefix and ID","status":"passed","title":"should generate correct URIs based on prefix and ID","duration":22.913667000000032,"failureMessages":[],"meta":{}},{"ancestorTitles":["VocabularyTable - Real Functionality Tests","URI Generation"],"fullName":"VocabularyTable - Real Functionality Tests URI Generation should handle different URI styles","status":"passed","title":"should handle different URI styles","duration":3.790875000000142,"failureMessages":[],"meta":{}},{"ancestorTitles":["VocabularyTable - Real Functionality Tests","Special Characters and XSS Prevention"],"fullName":"VocabularyTable - Real Functionality Tests Special Characters and XSS Prevention should properly escape HTML in labels and definitions","status":"passed","title":"should properly escape HTML in labels and definitions","duration":11.724667000000181,"failureMessages":[],"meta":{}},{"ancestorTitles":["VocabularyTable - Real Functionality Tests","Special Characters and XSS Prevention"],"fullName":"VocabularyTable - Real Functionality Tests Special Characters and XSS Prevention should handle malicious content safely","status":"passed","title":"should handle malicious content safely","duration":5.338584000000083,"failureMessages":[],"meta":{}},{"ancestorTitles":["VocabularyTable - Real Functionality Tests","Edge Cases"],"fullName":"VocabularyTable - Real Functionality Tests Edge Cases should handle empty values array","status":"passed","title":"should handle empty values array","duration":2.009999999999991,"failureMessages":[],"meta":{}},{"ancestorTitles":["VocabularyTable - Real Functionality Tests","Edge Cases"],"fullName":"VocabularyTable - Real Functionality Tests Edge Cases should handle missing translations","status":"passed","title":"should handle missing translations","duration":3.0096249999999145,"failureMessages":[],"meta":{}},{"ancestorTitles":["VocabularyTable - Real Functionality Tests","Edge Cases"],"fullName":"VocabularyTable - Real Functionality Tests Edge Cases should handle very long content","status":"passed","title":"should handle very long content","duration":2.18104100000005,"failureMessages":[],"meta":{}},{"ancestorTitles":["VocabularyTable - Real Functionality Tests","Performance"],"fullName":"VocabularyTable - Real Functionality Tests Performance should handle large datasets efficiently","status":"passed","title":"should handle large datasets efficiently","duration":689.803167,"failureMessages":[],"meta":{}}],"startTime":1751041773180,"endTime":1751041774045.8032,"status":"passed","message":"","name":"/Users/jonphipps/Code/IFLA/standards-dev/packages/theme/src/tests/components/VocabularyTable-improved.test.tsx"},{"assertionResults":[{"ancestorTitles":["VocabularyTable"],"fullName":"VocabularyTable renders using legacy front matter properties (RDF.values)","status":"passed","title":"renders using legacy front matter properties (RDF.values)","duration":37.12608300000011,"failureMessages":[],"meta":{}},{"ancestorTitles":["VocabularyTable"],"fullName":"VocabularyTable renders using new front matter properties (concepts array)","status":"passed","title":"renders using new front matter properties (concepts array)","duration":9.191083000000162,"failureMessages":[],"meta":{}},{"ancestorTitles":["VocabularyTable"],"fullName":"VocabularyTable shows title when showTitle is true","status":"passed","title":"shows title when showTitle is true","duration":11.670417000000043,"failureMessages":[],"meta":{}},{"ancestorTitles":["VocabularyTable"],"fullName":"VocabularyTable generates numeric URIs with specified startCounter","status":"passed","title":"generates numeric URIs with specified startCounter","duration":7.45270800000003,"failureMessages":[],"meta":{}},{"ancestorTitles":["VocabularyTable"],"fullName":"VocabularyTable generates kebab-case slug URIs","status":"passed","title":"generates kebab-case slug URIs","duration":5.957458000000088,"failureMessages":[],"meta":{}},{"ancestorTitles":["VocabularyTable"],"fullName":"VocabularyTable generates snake_case slug URIs","status":"passed","title":"generates snake_case slug URIs","duration":6.282083000000057,"failureMessages":[],"meta":{}},{"ancestorTitles":["VocabularyTable"],"fullName":"VocabularyTable generates camelCase slug URIs","status":"passed","title":"generates camelCase slug URIs","duration":4.824541999999838,"failureMessages":[],"meta":{}},{"ancestorTitles":["VocabularyTable"],"fullName":"VocabularyTable generates PascalCase slug URIs","status":"passed","title":"generates PascalCase slug URIs","duration":8.280667000000221,"failureMessages":[],"meta":{}},{"ancestorTitles":["VocabularyTable"],"fullName":"VocabularyTable adds HTML IDs to rows matching the URI fragment","status":"passed","title":"adds HTML IDs to rows matching the URI fragment","duration":9.691291999999976,"failureMessages":[],"meta":{}},{"ancestorTitles":["VocabularyTable"],"fullName":"VocabularyTable adds data-concept-id attributes with full URIs","status":"passed","title":"adds data-concept-id attributes with full URIs","duration":4.716957999999977,"failureMessages":[],"meta":{}},{"ancestorTitles":["VocabularyTable"],"fullName":"VocabularyTable handles minimal props","status":"passed","title":"handles minimal props","duration":3.6056659999999283,"failureMessages":[],"meta":{}},{"ancestorTitles":["VocabularyTable"],"fullName":"VocabularyTable shows the filter input by default","status":"passed","title":"shows the filter input by default","duration":4.405416000000059,"failureMessages":[],"meta":{}},{"ancestorTitles":["VocabularyTable"],"fullName":"VocabularyTable hides the filter input when showFilter is false","status":"passed","title":"hides the filter input when showFilter is false","duration":7.031999999999925,"failureMessages":[],"meta":{}},{"ancestorTitles":["VocabularyTable"],"fullName":"VocabularyTable hides URIs when showURIs is false","status":"passed","title":"hides URIs when showURIs is false","duration":12.635709000000134,"failureMessages":[],"meta":{}},{"ancestorTitles":["VocabularyTable"],"fullName":"VocabularyTable shows URIs by default","status":"passed","title":"shows URIs by default","duration":11.787708000000066,"failureMessages":[],"meta":{}},{"ancestorTitles":["VocabularyTable"],"fullName":"VocabularyTable filters terms based on input","status":"passed","title":"filters terms based on input","duration":12.611583999999993,"failureMessages":[],"meta":{}},{"ancestorTitles":["VocabularyTable"],"fullName":"VocabularyTable generates TOC items that match vocabulary values with legacy format","status":"passed","title":"generates TOC items that match vocabulary values with legacy format","duration":0.9467079999999441,"failureMessages":[],"meta":{}},{"ancestorTitles":["VocabularyTable"],"fullName":"VocabularyTable generates TOC items that match vocabulary values with new format","status":"passed","title":"generates TOC items that match vocabulary values with new format","duration":0.23654199999987213,"failureMessages":[],"meta":{}},{"ancestorTitles":["VocabularyTable"],"fullName":"VocabularyTable generates TOC with correct IDs based on uri style","status":"passed","title":"generates TOC with correct IDs based on uri style","duration":0.1147080000000642,"failureMessages":[],"meta":{}}],"startTime":1751041773180,"endTime":1751041773339.2366,"status":"passed","message":"","name":"/Users/jonphipps/Code/IFLA/standards-dev/packages/theme/src/tests/components/VocabularyTable.test.tsx"},{"assertionResults":[{"ancestorTitles":["VocabularyTable with customFields defaults"],"fullName":"VocabularyTable with customFields defaults uses default values from customFields when not specified in props","status":"passed","title":"uses default values from customFields when not specified in props","duration":37.08737499999961,"failureMessages":[],"meta":{}},{"ancestorTitles":["VocabularyTable with customFields defaults"],"fullName":"VocabularyTable with customFields defaults allows overriding individual default values","status":"passed","title":"allows overriding individual default values","duration":37.82724999999982,"failureMessages":[],"meta":{}},{"ancestorTitles":["VocabularyTable with customFields defaults"],"fullName":"VocabularyTable with customFields defaults allows overriding filterPlaceholder","status":"passed","title":"allows overriding filterPlaceholder","duration":5.841958999999861,"failureMessages":[],"meta":{}},{"ancestorTitles":["VocabularyTable with customFields defaults"],"fullName":"VocabularyTable with customFields defaults allows overriding showFilter","status":"passed","title":"allows overriding showFilter","duration":4.199000000000069,"failureMessages":[],"meta":{}},{"ancestorTitles":["VocabularyTable with customFields defaults"],"fullName":"VocabularyTable with customFields defaults allows overriding uriStyle","status":"passed","title":"allows overriding uriStyle","duration":6.34395799999993,"failureMessages":[],"meta":{}},{"ancestorTitles":["VocabularyTable with customFields defaults"],"fullName":"VocabularyTable with customFields defaults allows overriding caseStyle","status":"passed","title":"allows overriding caseStyle","duration":28.099749999999858,"failureMessages":[],"meta":{}},{"ancestorTitles":["VocabularyTable with customFields defaults"],"fullName":"VocabularyTable with customFields defaults correctly applies multiple overrides","status":"passed","title":"correctly applies multiple overrides","duration":8.856833000000279,"failureMessages":[],"meta":{}},{"ancestorTitles":["VocabularyTable with customFields defaults"],"fullName":"VocabularyTable with customFields defaults generateTOC uses defaults from window.__DOCUSAURUS__","status":"passed","title":"generateTOC uses defaults from window.__DOCUSAURUS__","duration":1.5836669999998776,"failureMessages":[],"meta":{}},{"ancestorTitles":["VocabularyTable with customFields defaults"],"fullName":"VocabularyTable with customFields defaults generateTOC respects property overrides","status":"passed","title":"generateTOC respects property overrides","duration":0.2655840000002172,"failureMessages":[],"meta":{}},{"ancestorTitles":["VocabularyTable with customFields defaults"],"fullName":"VocabularyTable with customFields defaults merges default RDF values with provided RDF values","status":"passed","title":"merges default RDF values with provided RDF values","duration":8.929000000000087,"failureMessages":[],"meta":{}}],"startTime":1751041774148,"endTime":1751041774287.929,"status":"passed","message":"","name":"/Users/jonphipps/Code/IFLA/standards-dev/packages/theme/src/tests/components/VocabularyTableDefaults.test.tsx"},{"assertionResults":[{"ancestorTitles":["VocabularyTable Details Functionality","Detail Column Header"],"fullName":"VocabularyTable Details Functionality Detail Column Header shows \"Detail\" header when concepts have additional properties","status":"passed","title":"shows \"Detail\" header when concepts have additional properties","duration":33.302374999999984,"failureMessages":[],"meta":{}},{"ancestorTitles":["VocabularyTable Details Functionality","Detail Column Header"],"fullName":"VocabularyTable Details Functionality Detail Column Header hides Detail column when no concepts have additional properties","status":"passed","title":"hides Detail column when no concepts have additional properties","duration":11.39079199999992,"failureMessages":[],"meta":{}},{"ancestorTitles":["VocabularyTable Details Functionality","Expand/Collapse Buttons"],"fullName":"VocabularyTable Details Functionality Expand/Collapse Buttons shows + button only for terms with additional properties","status":"passed","title":"shows + button only for terms with additional properties","duration":13.46616599999993,"failureMessages":[],"meta":{}},{"ancestorTitles":["VocabularyTable Details Functionality","Expand/Collapse Buttons"],"fullName":"VocabularyTable Details Functionality Expand/Collapse Buttons expands details when + button is clicked","status":"passed","title":"expands details when + button is clicked","duration":23.862750000000005,"failureMessages":[],"meta":{}},{"ancestorTitles":["VocabularyTable Details Functionality","Expand/Collapse Buttons"],"fullName":"VocabularyTable Details Functionality Expand/Collapse Buttons changes button to - when expanded","status":"passed","title":"changes button to - when expanded","duration":10.740999999999985,"failureMessages":[],"meta":{}},{"ancestorTitles":["VocabularyTable Details Functionality","Expand/Collapse Buttons"],"fullName":"VocabularyTable Details Functionality Expand/Collapse Buttons collapses details when - button is clicked","status":"passed","title":"collapses details when - button is clicked","duration":27.745957999999973,"failureMessages":[],"meta":{}},{"ancestorTitles":["VocabularyTable Details Functionality","CSV Data with Details"],"fullName":"VocabularyTable Details Functionality CSV Data with Details shows Detail column with CSV data containing additional properties","status":"passed","title":"shows Detail column with CSV data containing additional properties","duration":9.828083000000106,"failureMessages":[],"meta":{}},{"ancestorTitles":["VocabularyTable Details Functionality","CSV Data with Details"],"fullName":"VocabularyTable Details Functionality CSV Data with Details expands CSV-based details correctly","status":"passed","title":"expands CSV-based details correctly","duration":14.34416699999997,"failureMessages":[],"meta":{}},{"ancestorTitles":["VocabularyTable Details Functionality","Multilingual Details"],"fullName":"VocabularyTable Details Functionality Multilingual Details shows multilingual details in current language","status":"passed","title":"shows multilingual details in current language","duration":11.891957999999931,"failureMessages":[],"meta":{}},{"ancestorTitles":["VocabularyTable Details Functionality","Multilingual Details"],"fullName":"VocabularyTable Details Functionality Multilingual Details switches detail language when main language changes","status":"passed","title":"switches detail language when main language changes","duration":23.391624999999976,"failureMessages":[],"meta":{}},{"ancestorTitles":["VocabularyTable Details Functionality","Alternative Labels in Details"],"fullName":"VocabularyTable Details Functionality Alternative Labels in Details shows Detail column when concept has only altLabel","status":"passed","title":"shows Detail column when concept has only altLabel","duration":4.663833999999952,"failureMessages":[],"meta":{}},{"ancestorTitles":["VocabularyTable Details Functionality","Alternative Labels in Details"],"fullName":"VocabularyTable Details Functionality Alternative Labels in Details does not show altLabel in expanded details (shown inline instead)","status":"passed","title":"does not show altLabel in expanded details (shown inline instead)","duration":4.757084000000077,"failureMessages":[],"meta":{}}],"startTime":1751041773180,"endTime":1751041773370.757,"status":"passed","message":"","name":"/Users/jonphipps/Code/IFLA/standards-dev/packages/theme/src/tests/components/VocabularyTableDetails.test.tsx"},{"assertionResults":[{"ancestorTitles":["VocabularyTable with no customFields defaults"],"fullName":"VocabularyTable with no customFields defaults falls back to hardcoded defaults when no customFields are available","status":"passed","title":"falls back to hardcoded defaults when no customFields are available","duration":38.899167000000034,"failureMessages":[],"meta":{}},{"ancestorTitles":["VocabularyTable with no customFields defaults"],"fullName":"VocabularyTable with no customFields defaults correctly applies overrides even without customFields","status":"passed","title":"correctly applies overrides even without customFields","duration":38.732874999999694,"failureMessages":[],"meta":{}},{"ancestorTitles":["VocabularyTable with no customFields defaults"],"fullName":"VocabularyTable with no customFields defaults generateTOC falls back to hardcoded defaults when no window.__DOCUSAURUS__ is available","status":"passed","title":"generateTOC falls back to hardcoded defaults when no window.__DOCUSAURUS__ is available","duration":0.3007910000001175,"failureMessages":[],"meta":{}}],"startTime":1751041775037,"endTime":1751041775115.3008,"status":"passed","message":"","name":"/Users/jonphipps/Code/IFLA/standards-dev/packages/theme/src/tests/components/VocabularyTableNoDefaults.test.tsx"},{"assertionResults":[{"ancestorTitles":["VocabularyTable Profile-Based Validation","Repeatable Properties"],"fullName":"VocabularyTable Profile-Based Validation Repeatable Properties accepts array notation for repeatable properties","status":"passed","title":"accepts array notation for repeatable properties","duration":30.954375000000255,"failureMessages":[],"meta":{}},{"ancestorTitles":["VocabularyTable Profile-Based Validation","Repeatable Properties"],"fullName":"VocabularyTable Profile-Based Validation Repeatable Properties shows error for array notation on non-repeatable properties","status":"passed","title":"shows error for array notation on non-repeatable properties","duration":11.762249999999767,"failureMessages":[],"meta":{}},{"ancestorTitles":["VocabularyTable Profile-Based Validation","Required skos:prefLabel for All Languages"],"fullName":"VocabularyTable Profile-Based Validation Required skos:prefLabel for All Languages shows error when prefLabel is missing for a language","status":"passed","title":"shows error when prefLabel is missing for a language","duration":15.824084000000312,"failureMessages":[],"meta":{}},{"ancestorTitles":["VocabularyTable Profile-Based Validation","Required skos:prefLabel for All Languages"],"fullName":"VocabularyTable Profile-Based Validation Required skos:prefLabel for All Languages shows error for each row missing prefLabel in a language","status":"passed","title":"shows error for each row missing prefLabel in a language","duration":7.78912500000024,"failureMessages":[],"meta":{}},{"ancestorTitles":["VocabularyTable Profile-Based Validation","Unknown Columns"],"fullName":"VocabularyTable Profile-Based Validation Unknown Columns shows warning for columns not in the profile","status":"passed","title":"shows warning for columns not in the profile","duration":30.56629200000043,"failureMessages":[],"meta":{}},{"ancestorTitles":["VocabularyTable Profile-Based Validation","showCSVErrors Prop"],"fullName":"VocabularyTable Profile-Based Validation showCSVErrors Prop hides validation errors when showCSVErrors is false","status":"passed","title":"hides validation errors when showCSVErrors is false","duration":4.36850000000004,"failureMessages":[],"meta":{}},{"ancestorTitles":["VocabularyTable Profile-Based Validation","showCSVErrors Prop"],"fullName":"VocabularyTable Profile-Based Validation showCSVErrors Prop shows validation errors when showCSVErrors is true","status":"passed","title":"shows validation errors when showCSVErrors is true","duration":6.537125000000287,"failureMessages":[],"meta":{}},{"ancestorTitles":["VocabularyTable Profile-Based Validation","Profile Compliance"],"fullName":"VocabularyTable Profile-Based Validation Profile Compliance validates all concept properties according to profile","status":"passed","title":"validates all concept properties according to profile","duration":5.546832999999879,"failureMessages":[],"meta":{}}],"startTime":1751041774184,"endTime":1751041774297.5469,"status":"passed","message":"","name":"/Users/jonphipps/Code/IFLA/standards-dev/packages/theme/src/tests/components/VocabularyTableProfileValidation.test.tsx"},{"assertionResults":[{"ancestorTitles":["VocabularyTable with real-world examples"],"fullName":"VocabularyTable with real-world examples correctly renders a complete vocabulary like 1275.mdx","status":"passed","title":"correctly renders a complete vocabulary like 1275.mdx","duration":31.726874999999836,"failureMessages":[],"meta":{}},{"ancestorTitles":["VocabularyTable with real-world examples"],"fullName":"VocabularyTable with real-world examples correctly renders a minimal vocabulary using site defaults","status":"passed","title":"correctly renders a minimal vocabulary using site defaults","duration":9.204999999999927,"failureMessages":[],"meta":{}},{"ancestorTitles":["VocabularyTable with real-world examples"],"fullName":"VocabularyTable with real-world examples correctly merges RDF.rdf:type from customFields","status":"passed","title":"correctly merges RDF.rdf:type from customFields","duration":6.183500000000095,"failureMessages":[],"meta":{}},{"ancestorTitles":["VocabularyTable with real-world examples"],"fullName":"VocabularyTable with real-world examples correctly handles mixed vocabulary with some defaults and some overrides","status":"passed","title":"correctly handles mixed vocabulary with some defaults and some overrides","duration":4.448667000000114,"failureMessages":[],"meta":{}}],"startTime":1751041775121,"endTime":1751041775172.4487,"status":"passed","message":"","name":"/Users/jonphipps/Code/IFLA/standards-dev/packages/theme/src/tests/components/VocabularyTableRealExamples.test.tsx"},{"assertionResults":[{"ancestorTitles":["VocabularyTable CSV Validation","Duplicate Column Detection"],"fullName":"VocabularyTable CSV Validation Duplicate Column Detection shows error for true duplicate column headers","status":"passed","title":"shows error for true duplicate column headers","duration":40.803957999999966,"failureMessages":[],"meta":{}},{"ancestorTitles":["VocabularyTable CSV Validation","Missing Required Fields"],"fullName":"VocabularyTable CSV Validation Missing Required Fields shows error for missing URI","status":"passed","title":"shows error for missing URI","duration":6.263790999999856,"failureMessages":[],"meta":{}},{"ancestorTitles":["VocabularyTable CSV Validation","Missing Required Fields"],"fullName":"VocabularyTable CSV Validation Missing Required Fields shows error for missing preferred label","status":"passed","title":"shows error for missing preferred label","duration":10.303915999999845,"failureMessages":[],"meta":{}},{"ancestorTitles":["VocabularyTable CSV Validation","Missing Required Fields"],"fullName":"VocabularyTable CSV Validation Missing Required Fields shows warning for missing definition","status":"passed","title":"shows warning for missing definition","duration":6.40454200000022,"failureMessages":[],"meta":{}},{"ancestorTitles":["VocabularyTable CSV Validation","Language Consistency"],"fullName":"VocabularyTable CSV Validation Language Consistency shows warning for inconsistent language coverage in headers","status":"passed","title":"shows warning for inconsistent language coverage in headers","duration":13.519000000000233,"failureMessages":[],"meta":{}},{"ancestorTitles":["VocabularyTable CSV Validation","Language Consistency"],"fullName":"VocabularyTable CSV Validation Language Consistency shows warning for inconsistent language data in rows","status":"passed","title":"shows warning for inconsistent language data in rows","duration":6.720083000000159,"failureMessages":[],"meta":{}},{"ancestorTitles":["VocabularyTable CSV Validation","Invalid URI Format"],"fullName":"VocabularyTable CSV Validation Invalid URI Format shows warning for invalid URI format","status":"passed","title":"shows warning for invalid URI format","duration":6.450542000000041,"failureMessages":[],"meta":{}},{"ancestorTitles":["VocabularyTable CSV Validation","Clean CSV Data"],"fullName":"VocabularyTable CSV Validation Clean CSV Data shows no validation issues for clean data","status":"passed","title":"shows no validation issues for clean data","duration":4.88287500000024,"failureMessages":[],"meta":{}},{"ancestorTitles":["VocabularyTable CSV Validation","Multiple Issues"],"fullName":"VocabularyTable CSV Validation Multiple Issues shows all validation issues when multiple problems exist","status":"passed","title":"shows all validation issues when multiple problems exist","duration":16.437625000000025,"failureMessages":[],"meta":{}},{"ancestorTitles":["VocabularyTable CSV Validation","Validation Display"],"fullName":"VocabularyTable CSV Validation Validation Display shows errors with error styling","status":"passed","title":"shows errors with error styling","duration":22.46429100000023,"failureMessages":[],"meta":{}},{"ancestorTitles":["VocabularyTable CSV Validation","Validation Display"],"fullName":"VocabularyTable CSV Validation Validation Display shows warnings with warning styling","status":"passed","title":"shows warnings with warning styling","duration":10.036583999999948,"failureMessages":[],"meta":{}},{"ancestorTitles":["VocabularyTable CSV Validation","Non-CSV Data"],"fullName":"VocabularyTable CSV Validation Non-CSV Data does not show validation for non-CSV data","status":"passed","title":"does not show validation for non-CSV data","duration":2.921958000000359,"failureMessages":[],"meta":{}}],"startTime":1751041774119,"endTime":1751041774266.9219,"status":"passed","message":"","name":"/Users/jonphipps/Code/IFLA/standards-dev/packages/theme/src/tests/components/VocabularyTableValidation.test.tsx"},{"assertionResults":[{"ancestorTitles":["getSiteConfig","basic functionality"],"fullName":"getSiteConfig basic functionality should return correct config for portal in local environment","status":"passed","title":"should return correct config for portal in local environment","duration":0.9961659999999029,"failureMessages":[],"meta":{}},{"ancestorTitles":["getSiteConfig","basic functionality"],"fullName":"getSiteConfig basic functionality should return correct config for LRM in production environment","status":"passed","title":"should return correct config for LRM in production environment","duration":0.10370899999998073,"failureMessages":[],"meta":{}},{"ancestorTitles":["getSiteConfig","basic functionality"],"fullName":"getSiteConfig basic functionality should return correct config for ISBDM in preview environment","status":"passed","title":"should return correct config for ISBDM in preview environment","duration":0.07654099999945174,"failureMessages":[],"meta":{}},{"ancestorTitles":["getSiteConfig","all sites in all environments"],"fullName":"getSiteConfig all sites in all environments should return valid config for portal in local environment","status":"passed","title":"should return valid config for portal in local environment","duration":0.2712089999995442,"failureMessages":[],"meta":{}},{"ancestorTitles":["getSiteConfig","all sites in all environments"],"fullName":"getSiteConfig all sites in all environments should return valid config for portal in preview environment","status":"passed","title":"should return valid config for portal in preview environment","duration":0.16924999999991996,"failureMessages":[],"meta":{}},{"ancestorTitles":["getSiteConfig","all sites in all environments"],"fullName":"getSiteConfig all sites in all environments should return valid config for portal in development environment","status":"passed","title":"should return valid config for portal in development environment","duration":0.09808400000019901,"failureMessages":[],"meta":{}},{"ancestorTitles":["getSiteConfig","all sites in all environments"],"fullName":"getSiteConfig all sites in all environments should return valid config for portal in production environment","status":"passed","title":"should return valid config for portal in production environment","duration":0.08008299999983137,"failureMessages":[],"meta":{}},{"ancestorTitles":["getSiteConfig","all sites in all environments"],"fullName":"getSiteConfig all sites in all environments should return valid config for ISBDM in local environment","status":"passed","title":"should return valid config for ISBDM in local environment","duration":0.10979200000019773,"failureMessages":[],"meta":{}},{"ancestorTitles":["getSiteConfig","all sites in all environments"],"fullName":"getSiteConfig all sites in all environments should return valid config for ISBDM in preview environment","status":"passed","title":"should return valid config for ISBDM in preview environment","duration":0.20449999999982538,"failureMessages":[],"meta":{}},{"ancestorTitles":["getSiteConfig","all sites in all environments"],"fullName":"getSiteConfig all sites in all environments should return valid config for ISBDM in development environment","status":"passed","title":"should return valid config for ISBDM in development environment","duration":0.09995900000012625,"failureMessages":[],"meta":{}},{"ancestorTitles":["getSiteConfig","all sites in all environments"],"fullName":"getSiteConfig all sites in all environments should return valid config for ISBDM in production environment","status":"passed","title":"should return valid config for ISBDM in production environment","duration":0.07791599999927712,"failureMessages":[],"meta":{}},{"ancestorTitles":["getSiteConfig","all sites in all environments"],"fullName":"getSiteConfig all sites in all environments should return valid config for LRM in local environment","status":"passed","title":"should return valid config for LRM in local environment","duration":0.10529199999928096,"failureMessages":[],"meta":{}},{"ancestorTitles":["getSiteConfig","all sites in all environments"],"fullName":"getSiteConfig all sites in all environments should return valid config for LRM in preview environment","status":"passed","title":"should return valid config for LRM in preview environment","duration":0.07545900000059191,"failureMessages":[],"meta":{}},{"ancestorTitles":["getSiteConfig","all sites in all environments"],"fullName":"getSiteConfig all sites in all environments should return valid config for LRM in development environment","status":"passed","title":"should return valid config for LRM in development environment","duration":0.07308300000022427,"failureMessages":[],"meta":{}},{"ancestorTitles":["getSiteConfig","all sites in all environments"],"fullName":"getSiteConfig all sites in all environments should return valid config for LRM in production environment","status":"passed","title":"should return valid config for LRM in production environment","duration":0.07220800000050076,"failureMessages":[],"meta":{}},{"ancestorTitles":["getSiteConfig","all sites in all environments"],"fullName":"getSiteConfig all sites in all environments should return valid config for FRBR in local environment","status":"passed","title":"should return valid config for FRBR in local environment","duration":0.10195800000019517,"failureMessages":[],"meta":{}},{"ancestorTitles":["getSiteConfig","all sites in all environments"],"fullName":"getSiteConfig all sites in all environments should return valid config for FRBR in preview environment","status":"passed","title":"should return valid config for FRBR in preview environment","duration":0.0718750000005457,"failureMessages":[],"meta":{}},{"ancestorTitles":["getSiteConfig","all sites in all environments"],"fullName":"getSiteConfig all sites in all environments should return valid config for FRBR in development environment","status":"passed","title":"should return valid config for FRBR in development environment","duration":0.07104100000015023,"failureMessages":[],"meta":{}},{"ancestorTitles":["getSiteConfig","all sites in all environments"],"fullName":"getSiteConfig all sites in all environments should return valid config for FRBR in production environment","status":"passed","title":"should return valid config for FRBR in production environment","duration":0.07058400000005349,"failureMessages":[],"meta":{}},{"ancestorTitles":["getSiteConfig","all sites in all environments"],"fullName":"getSiteConfig all sites in all environments should return valid config for isbd in local environment","status":"passed","title":"should return valid config for isbd in local environment","duration":0.09937499999978172,"failureMessages":[],"meta":{}},{"ancestorTitles":["getSiteConfig","all sites in all environments"],"fullName":"getSiteConfig all sites in all environments should return valid config for isbd in preview environment","status":"passed","title":"should return valid config for isbd in preview environment","duration":0.0712919999996302,"failureMessages":[],"meta":{}},{"ancestorTitles":["getSiteConfig","all sites in all environments"],"fullName":"getSiteConfig all sites in all environments should return valid config for isbd in development environment","status":"passed","title":"should return valid config for isbd in development environment","duration":0.07029099999999744,"failureMessages":[],"meta":{}},{"ancestorTitles":["getSiteConfig","all sites in all environments"],"fullName":"getSiteConfig all sites in all environments should return valid config for isbd in production environment","status":"passed","title":"should return valid config for isbd in production environment","duration":0.07012500000018917,"failureMessages":[],"meta":{}},{"ancestorTitles":["getSiteConfig","all sites in all environments"],"fullName":"getSiteConfig all sites in all environments should return valid config for muldicat in local environment","status":"passed","title":"should return valid config for muldicat in local environment","duration":0.09862499999962893,"failureMessages":[],"meta":{}},{"ancestorTitles":["getSiteConfig","all sites in all environments"],"fullName":"getSiteConfig all sites in all environments should return valid config for muldicat in preview environment","status":"passed","title":"should return valid config for muldicat in preview environment","duration":0.07016699999985576,"failureMessages":[],"meta":{}},{"ancestorTitles":["getSiteConfig","all sites in all environments"],"fullName":"getSiteConfig all sites in all environments should return valid config for muldicat in development environment","status":"passed","title":"should return valid config for muldicat in development environment","duration":0.07045800000014424,"failureMessages":[],"meta":{}},{"ancestorTitles":["getSiteConfig","all sites in all environments"],"fullName":"getSiteConfig all sites in all environments should return valid config for muldicat in production environment","status":"passed","title":"should return valid config for muldicat in production environment","duration":0.0702499999997599,"failureMessages":[],"meta":{}},{"ancestorTitles":["getSiteConfig","all sites in all environments"],"fullName":"getSiteConfig all sites in all environments should return valid config for unimarc in local environment","status":"passed","title":"should return valid config for unimarc in local environment","duration":0.097791999999572,"failureMessages":[],"meta":{}},{"ancestorTitles":["getSiteConfig","all sites in all environments"],"fullName":"getSiteConfig all sites in all environments should return valid config for unimarc in preview environment","status":"passed","title":"should return valid config for unimarc in preview environment","duration":0.07179199999973207,"failureMessages":[],"meta":{}},{"ancestorTitles":["getSiteConfig","all sites in all environments"],"fullName":"getSiteConfig all sites in all environments should return valid config for unimarc in development environment","status":"passed","title":"should return valid config for unimarc in development environment","duration":0.07200000000011642,"failureMessages":[],"meta":{}},{"ancestorTitles":["getSiteConfig","all sites in all environments"],"fullName":"getSiteConfig all sites in all environments should return valid config for unimarc in production environment","status":"passed","title":"should return valid config for unimarc in production environment","duration":0.14425000000028376,"failureMessages":[],"meta":{}},{"ancestorTitles":["getSiteConfig","error handling"],"fullName":"getSiteConfig error handling should throw error for invalid site key","status":"passed","title":"should throw error for invalid site key","duration":0.4118339999995442,"failureMessages":[],"meta":{}},{"ancestorTitles":["getSiteConfig","error handling"],"fullName":"getSiteConfig error handling should throw error for invalid environment","status":"passed","title":"should throw error for invalid environment","duration":0.09066600000005565,"failureMessages":[],"meta":{}},{"ancestorTitles":["getSiteConfig","URL structure validation"],"fullName":"getSiteConfig URL structure validation should use localhost URLs for local environment","status":"passed","title":"should use localhost URLs for local environment","duration":0.21208299999943847,"failureMessages":[],"meta":{}},{"ancestorTitles":["getSiteConfig","URL structure validation"],"fullName":"getSiteConfig URL structure validation should use production URLs for production environment","status":"passed","title":"should use production URLs for production environment","duration":0.176792000000205,"failureMessages":[],"meta":{}},{"ancestorTitles":["getSiteConfig","URL structure validation"],"fullName":"getSiteConfig URL structure validation should use GitHub Pages URLs for preview environment","status":"passed","title":"should use GitHub Pages URLs for preview environment","duration":0.26283299999977316,"failureMessages":[],"meta":{}}],"startTime":1751041775752,"endTime":1751041775758.263,"status":"passed","message":"","name":"/Users/jonphipps/Code/IFLA/standards-dev/packages/theme/src/tests/config/siteConfig.test.ts"},{"assertionResults":[{"ancestorTitles":["check-mediatype-languages.mjs","Command Line Arguments"],"fullName":"check-mediatype-languages.mjs Command Line Arguments should show help when --help flag is used","status":"passed","title":"should show help when --help flag is used","duration":4.409375000000182,"failureMessages":[],"meta":{}},{"ancestorTitles":["check-mediatype-languages.mjs","Command Line Arguments"],"fullName":"check-mediatype-languages.mjs Command Line Arguments should handle -h alias for help","status":"passed","title":"should handle -h alias for help","duration":7.003000000000156,"failureMessages":[],"meta":{}},{"ancestorTitles":["check-mediatype-languages.mjs","Mock Data Processing"],"fullName":"check-mediatype-languages.mjs Mock Data Processing should detect language mismatches in mock data","status
[...]
laryTable","Language Selection"],"fullName":"Multilingual VocabularyTable Language Selection displays alternative labels when available","status":"passed","title":"displays alternative labels when available","duration":11.869834000000083,"failureMessages":[],"meta":{}},{"ancestorTitles":["Multilingual VocabularyTable","Multilingual Content Display"],"fullName":"Multilingual VocabularyTable Multilingual Content Display displays content in default language","status":"passed","title":"displays content in default language","duration":20.335583000000042,"failureMessages":[],"meta":{}},{"ancestorTitles":["Multilingual VocabularyTable","Multilingual Content Display"],"fullName":"Multilingual VocabularyTable Multilingual Content Display falls back to English when requested language is not available","status":"passed","title":"falls back to English when requested language is not available","duration":4.548499999999876,"failureMessages":[],"meta":{}},{"ancestorTitles":["Multilingual VocabularyTable","Multilingual Content Display"],"fullName":"Multilingual VocabularyTable Multilingual Content Display displays multilingual title and description","status":"passed","title":"displays multilingual title and description","duration":10.643249999999853,"failureMessages":[],"meta":{}},{"ancestorTitles":["Multilingual VocabularyTable","CSV Data Support"],"fullName":"Multilingual VocabularyTable CSV Data Support parses CSV data correctly","status":"passed","title":"parses CSV data correctly","duration":15.802916000000096,"failureMessages":[],"meta":{}},{"ancestorTitles":["Multilingual VocabularyTable","CSV Data Support"],"fullName":"Multilingual VocabularyTable CSV Data Support switches languages with CSV data","status":"passed","title":"switches languages with CSV data","duration":24.47695899999985,"failureMessages":[],"meta":{}},{"ancestorTitles":["Multilingual VocabularyTable","CSV Data Support"],"fullName":"Multilingual VocabularyTable CSV Data Support uses CSV URIs when available","status":"passed","title":"uses CSV URIs when available","duration":7.795250000000124,"failureMessages":[],"meta":{}},{"ancestorTitles":["Multilingual VocabularyTable","Filtering with Multilingual Content"],"fullName":"Multilingual VocabularyTable Filtering with Multilingual Content filters content in current language","status":"passed","title":"filters content in current language","duration":27.19095799999991,"failureMessages":[],"meta":{}},{"ancestorTitles":["Multilingual VocabularyTable","Filtering with Multilingual Content"],"fullName":"Multilingual VocabularyTable Filtering with Multilingual Content filters by alternative labels","status":"passed","title":"filters by alternative labels","duration":14.317374999999856,"failureMessages":[],"meta":{}},{"ancestorTitles":["Multilingual VocabularyTable","TOC Generation with Multilingual Data"],"fullName":"Multilingual VocabularyTable TOC Generation with Multilingual Data generates TOC in default language","status":"passed","title":"generates TOC in default language","duration":0.6437080000000606,"failureMessages":[],"meta":{}},{"ancestorTitles":["Multilingual VocabularyTable","TOC Generation with Multilingual Data"],"fullName":"Multilingual VocabularyTable TOC Generation with Multilingual Data generates TOC with specified language","status":"passed","title":"generates TOC with specified language","duration":0.2132080000001224,"failureMessages":[],"meta":{}},{"ancestorTitles":["Multilingual VocabularyTable","TOC Generation with Multilingual Data"],"fullName":"Multilingual VocabularyTable TOC Generation with Multilingual Data generates TOC from CSV data","status":"passed","title":"generates TOC from CSV data","duration":0.16183399999999892,"failureMessages":[],"meta":{}},{"ancestorTitles":["Multilingual VocabularyTable","CSV Export Functionality"],"fullName":"Multilingual VocabularyTable CSV Export Functionality exports multilingual data to CSV format","status":"passed","title":"exports multilingual data to CSV format","duration":0.3276250000001255,"failureMessages":[],"meta":{}},{"ancestorTitles":["Multilingual VocabularyTable","CSV Export Functionality"],"fullName":"Multilingual VocabularyTable CSV Export Functionality handles empty concepts array gracefully","status":"passed","title":"handles empty concepts array gracefully","duration":0.11370799999986048,"failureMessages":[],"meta":{}},{"ancestorTitles":["Multilingual VocabularyTable","Locale-Aware Language Selection"],"fullName":"Multilingual VocabularyTable Locale-Aware Language Selection uses current Docusaurus locale as default language","status":"passed","title":"uses current Docusaurus locale as default language","duration":5.098500000000058,"failureMessages":[],"meta":{}},{"ancestorTitles":["Multilingual VocabularyTable","Locale-Aware Language Selection"],"fullName":"Multilingual VocabularyTable Locale-Aware Language Selection falls back to English when current locale is not available in data","status":"passed","title":"falls back to English when current locale is not available in data","duration":5.030874999999924,"failureMessages":[],"meta":{}},{"ancestorTitles":["Multilingual VocabularyTable","CSV File Loading"],"fullName":"Multilingual VocabularyTable CSV File Loading loads CSV file automatically when csvFile prop is provided","status":"passed","title":"loads CSV file automatically when csvFile prop is provided","duration":19.69833400000016,"failureMessages":[],"meta":{}},{"ancestorTitles":["Multilingual VocabularyTable","CSV File Loading"],"fullName":"Multilingual VocabularyTable CSV File Loading shows error state when CSV file fails to load","status":"passed","title":"shows error state when CSV file fails to load","duration":20.435166999999865,"failureMessages":[],"meta":{}},{"ancestorTitles":["Multilingual VocabularyTable","CSV File Loading"],"fullName":"Multilingual VocabularyTable CSV File Loading auto-generates vocabularyId from CSV filename","status":"passed","title":"auto-generates vocabularyId from CSV filename","duration":8.85787500000015,"failureMessages":[],"meta":{}},{"ancestorTitles":["Multilingual VocabularyTable","Simplified CSV Usage"],"fullName":"Multilingual VocabularyTable Simplified CSV Usage works with minimal props when using csvFile","status":"passed","title":"works with minimal props when using csvFile","duration":7.30766699999981,"failureMessages":[],"meta":{}},{"ancestorTitles":["Multilingual VocabularyTable","Data Source Priority"],"fullName":"Multilingual VocabularyTable Data Source Priority prefers CSV data when preferCsvData is true","status":"passed","title":"prefers CSV data when preferCsvData is true","duration":6.822583000000122,"failureMessages":[],"meta":{}},{"ancestorTitles":["Multilingual VocabularyTable","Data Source Priority"],"fullName":"Multilingual VocabularyTable Data Source Priority uses concepts data when preferCsvData is false","status":"passed","title":"uses concepts data when preferCsvData is false","duration":3.1558339999999134,"failureMessages":[],"meta":{}},{"ancestorTitles":["Multilingual VocabularyTable","Error Handling and Edge Cases"],"fullName":"Multilingual VocabularyTable Error Handling and Edge Cases handles malformed multilingual data gracefully","status":"passed","title":"handles malformed multilingual data gracefully","duration":3.577333999999837,"failureMessages":[],"meta":{}},{"ancestorTitles":["Multilingual VocabularyTable","Error Handling and Edge Cases"],"fullName":"Multilingual VocabularyTable Error Handling and Edge Cases handles language switching when expanded details are open","status":"passed","title":"handles language switching when expanded details are open","duration":43.76483299999995,"failureMessages":[],"meta":{}}],"startTime":1751041773183,"endTime":1751041773536.765,"status":"passed","message":"","name":"/Users/jonphipps/Code/IFLA/standards-dev/packages/theme/src/components/VocabularyTable/__tests__/multilingual-vocabulary.test.tsx"},{"assertionResults":[{"ancestorTitles":["VocabularyTable Component","Basic Rendering"],"fullName":"VocabularyTable Component Basic Rendering renders vocabulary table with basic props","status":"passed","title":"renders vocabulary table with basic props","duration":37.74437499999999,"failureMessages":[],"meta":{}},{"ancestorTitles":["VocabularyTable Component","Basic Rendering"],"fullName":"VocabularyTable Component Basic Rendering shows title when showTitle is true","status":"passed","title":"shows title when showTitle is true","duration":13.831000000000131,"failureMessages":[],"meta":{}},{"ancestorTitles":["VocabularyTable Component","Basic Rendering"],"fullName":"VocabularyTable Component Basic Rendering hides title by default","status":"passed","title":"hides title by default","duration":6.524959000000081,"failureMessages":[],"meta":{}},{"ancestorTitles":["VocabularyTable Component","Filtering"],"fullName":"VocabularyTable Component Filtering filters terms based on search input","status":"passed","title":"filters terms based on search input","duration":10.820375000000013,"failureMessages":[],"meta":{}},{"ancestorTitles":["VocabularyTable Component","Filtering"],"fullName":"VocabularyTable Component Filtering shows no results message when no matches found","status":"passed","title":"shows no results message when no matches found","duration":7.9503749999998945,"failureMessages":[],"meta":{}},{"ancestorTitles":["VocabularyTable Component","Expandable Details"],"fullName":"VocabularyTable Component Expandable Details shows expand button for terms with additional details","status":"passed","title":"shows expand button for terms with additional details","duration":5.536082999999962,"failureMessages":[],"meta":{}},{"ancestorTitles":["VocabularyTable Component","Expandable Details"],"fullName":"VocabularyTable Component Expandable Details expands and collapses details correctly","status":"passed","title":"expands and collapses details correctly","duration":18.54954100000009,"failureMessages":[],"meta":{}},{"ancestorTitles":["VocabularyTable Component","URI Generation"],"fullName":"VocabularyTable Component URI Generation generates numeric URIs by default","status":"passed","title":"generates numeric URIs by default","duration":15.267958000000135,"failureMessages":[],"meta":{}},{"ancestorTitles":["VocabularyTable Component","URI Generation"],"fullName":"VocabularyTable Component URI Generation generates slug URIs when configured","status":"passed","title":"generates slug URIs when configured","duration":7.650792000000138,"failureMessages":[],"meta":{}},{"ancestorTitles":["VocabularyTable Component","URI Generation"],"fullName":"VocabularyTable Component URI Generation hides URIs when showURIs is false","status":"passed","title":"hides URIs when showURIs is false","duration":5.81858299999999,"failureMessages":[],"meta":{}},{"ancestorTitles":["VocabularyTable Component","Configuration Options"],"fullName":"VocabularyTable Component Configuration Options hides filter when showFilter is false","status":"passed","title":"hides filter when showFilter is false","duration":3.977540999999974,"failureMessages":[],"meta":{}},{"ancestorTitles":["VocabularyTable Component","Configuration Options"],"fullName":"VocabularyTable Component Configuration Options uses custom filter placeholder","status":"passed","title":"uses custom filter placeholder","duration":5.0932500000001255,"failureMessages":[],"meta":{}},{"ancestorTitles":["VocabularyTable Component","Static Methods"],"fullName":"VocabularyTable Component Static Methods generates TOC correctly","status":"passed","title":"generates TOC correctly","duration":0.3407910000000811,"failureMessages":[],"meta":{}},{"ancestorTitles":["VocabularyTable Component","Static Methods"],"fullName":"VocabularyTable Component Static Methods exports to CSV format","status":"passed","title":"exports to CSV format","duration":0.3782920000001013,"failureMessages":[],"meta":{}},{"ancestorTitles":["VocabularyTable Component","Error Handling"],"fullName":"VocabularyTable Component Error Handling handles empty concepts array gracefully","status":"passed","title":"handles empty concepts array gracefully","duration":2.3809580000001915,"failureMessages":[],"meta":{}},{"ancestorTitles":["VocabularyTable Component","Error Handling"],"fullName":"VocabularyTable Component Error Handling handles missing vocabularyId gracefully","status":"passed","title":"handles missing vocabularyId gracefully","duration":4.6496250000000146,"failureMessages":[],"meta":{}},{"ancestorTitles":["VocabularyTable Component","Accessibility"],"fullName":"VocabularyTable Component Accessibility has proper ARIA labels","status":"passed","title":"has proper ARIA labels","duration":7.880957999999964,"failureMessages":[],"meta":{}},{"ancestorTitles":["VocabularyTable Component","Accessibility"],"fullName":"VocabularyTable Component Accessibility has proper heading structure","status":"passed","title":"has proper heading structure","duration":39.04012499999999,"failureMessages":[],"meta":{}},{"ancestorTitles":["VocabularyTable Component","Accessibility"],"fullName":"VocabularyTable Component Accessibility has proper table semantics","status":"passed","title":"has proper table semantics","duration":7.554374999999936,"failureMessages":[],"meta":{}},{"ancestorTitles":["VocabularyTable Component","Integration with Site Config"],"fullName":"VocabularyTable Component Integration with Site Config uses site config defaults","status":"passed","title":"uses site config defaults","duration":18.57529199999999,"failureMessages":[],"meta":{}},{"ancestorTitles":["VocabularyTable Component","Integration with Site Config"],"fullName":"VocabularyTable Component Integration with Site Config overrides site config with props","status":"passed","title":"overrides site config with props","duration":10.429708000000119,"failureMessages":[],"meta":{}},{"ancestorTitles":["VocabularyTable Component","Dark Mode Support"],"fullName":"VocabularyTable Component Dark Mode Support applies dark mode styles when theme is dark","status":"passed","title":"applies dark mode styles when theme is dark","duration":5.530500000000075,"failureMessages":[],"meta":{}}],"startTime":1751041773178,"endTime":1751041773414.5305,"status":"passed","message":"","name":"/Users/jonphipps/Code/IFLA/standards-dev/packages/theme/src/components/VocabularyTable/__tests__/vocabulary-table-main.test.tsx"},{"assertionResults":[{"ancestorTitles":["Figure component"],"fullName":"Figure component renders correctly with required props","status":"passed","title":"renders correctly with required props","duration":77.0046669999997,"failureMessages":[],"meta":{}},{"ancestorTitles":["Figure component"],"fullName":"Figure component renders with custom alt text","status":"passed","title":"renders with custom alt text","duration":13.649207999999817,"failureMessages":[],"meta":{}},{"ancestorTitles":["Figure component"],"fullName":"Figure component renders with expand link","status":"passed","title":"renders with expand link","duration":12.8125,"failureMessages":[],"meta":{}},{"ancestorTitles":["Figure component"],"fullName":"Figure component renders with custom expand text","status":"passed","title":"renders with custom expand text","duration":4.743667000000187,"failureMessages":[],"meta":{}},{"ancestorTitles":["Figure component"],"fullName":"Figure component uses custom alt text in expand link aria-label","status":"passed","title":"uses custom alt text in expand link aria-label","duration":12.56662499999993,"failureMessages":[],"meta":{}},{"ancestorTitles":["Figure component"],"fullName":"Figure component processes URLs through useBaseUrl","status":"passed","title":"processes URLs through useBaseUrl","duration":8.478084000000308,"failureMessages":[],"meta":{}},{"ancestorTitles":["Figure component"],"fullName":"Figure component applies correct CSS module classes","status":"passed","title":"applies correct CSS module classes","duration":2.1258339999999407,"failureMessages":[],"meta":{}},{"ancestorTitles":["Figure component"],"fullName":"Figure component has no accessibility violations","status":"passed","title":"has no accessibility violations","duration":28.60112500000014,"failureMessages":[],"meta":{}},{"ancestorTitles":["Figure component"],"fullName":"Figure component generates unique IDs for multiple instances","status":"passed","title":"generates unique IDs for multiple instances","duration":3.1554160000000593,"failureMessages":[],"meta":{}}],"startTime":1751041773949,"endTime":1751041774112.1555,"status":"passed","message":"","name":"/Users/jonphipps/Code/IFLA/standards-dev/packages/theme/src/tests/components/Figure/Figure.test.tsx"},{"assertionResults":[{"ancestorTitles":["Mandatory component"],"fullName":"Mandatory component renders with default props","status":"passed","title":"renders with default props","duration":43.66408300000012,"failureMessages":[],"meta":{}},{"ancestorTitles":["Mandatory component"],"fullName":"Mandatory component renders with custom link","status":"passed","title":"renders with custom link","duration":6.2846250000000055,"failureMessages":[],"meta":{}},{"ancestorTitles":["Mandatory component"],"fullName":"Mandatory component renders with custom symbol","status":"passed","title":"renders with custom symbol","duration":6.5280830000001515,"failureMessages":[],"meta":{}},{"ancestorTitles":["Mandatory component"],"fullName":"Mandatory component renders with custom tooltip text","status":"passed","title":"renders with custom tooltip text","duration":6.3804170000000795,"failureMessages":[],"meta":{}},{"ancestorTitles":["Mandatory component"],"fullName":"Mandatory component renders with custom className","status":"passed","title":"renders with custom className","duration":2.15037499999994,"failureMessages":[],"meta":{}},{"ancestorTitles":["Mandatory component"],"fullName":"Mandatory component renders with all custom props","status":"passed","title":"renders with all custom props","duration":4.848541999999952,"failureMessages":[],"meta":{}},{"ancestorTitles":["Mandatory component"],"fullName":"Mandatory component handles custom tooltip text with default link correctly","status":"passed","title":"handles custom tooltip text with default link correctly","duration":4.107334000000037,"failureMessages":[],"meta":{}},{"ancestorTitles":["Mandatory component"],"fullName":"Mandatory component does not render hidden label when both link and tooltip are custom","status":"passed","title":"does not render hidden label when both link and tooltip are custom","duration":3.417416000000003,"failureMessages":[],"meta":{}},{"ancestorTitles":["Mandatory component"],"fullName":"Mandatory component processes relative URLs correctly","status":"passed","title":"processes relative URLs correctly","duration":6.54970800000001,"failureMessages":[],"meta":{}},{"ancestorTitles":["Mandatory component"],"fullName":"Mandatory component applies correct CSS module classes","status":"passed","title":"applies correct CSS module classes","duration":2.4462079999998423,"failureMessages":[],"meta":{}},{"ancestorTitles":["Mandatory component"],"fullName":"Mandatory component has no accessibility violations","status":"passed","title":"has no accessibility violations","duration":36.83504199999993,"failureMessages":[],"meta":{}},{"ancestorTitles":["Mandatory component"],"fullName":"Mandatory component has no accessibility violations with custom props","status":"passed","title":"has no accessibility violations with custom props","duration":11.72804199999996,"failureMessages":[],"meta":{}},{"ancestorTitles":["Mandatory component"],"fullName":"Mandatory component has no accessibility violations with custom tooltip only","status":"passed","title":"has no accessibility violations with custom tooltip only","duration":29.143791000000192,"failureMessages":[],"meta":{}}],"startTime":1751041773179,"endTime":1751041773345.1438,"status":"passed","message":"","name":"/Users/jonphipps/Code/IFLA/standards-dev/packages/theme/src/tests/components/Mandatory/Mandatory.test.tsx"}]}